{"/home/chrismeeky/Desktop/arca_back/src/test/index.js":{"path":"/home/chrismeeky/Desktop/arca_back/src/test/index.js","statementMap":{"0":{"start":{"line":3,"column":0},"end":{"line":3,"column":23}},"1":{"start":{"line":5,"column":0},"end":{"line":5,"column":30}}},"fnMap":{},"branchMap":{},"s":{"0":1,"1":1},"f":{},"b":{},"inputSourceMap":{"version":3,"sources":["index.js"],"names":[],"mappings":";;AAAA;;AACA","sourceRoot":"/home/chrismeeky/Desktop/arca_back/src/test/","sourcesContent":["import \"./unitTests\";\nimport \"./integrationTests\""]},"_coverageSchema":"1a1c01bbd47fc00a2c39e90264f33305004495a9","hash":"6787f8bc68870cc9acb2b33b95ad598a77a934a4","contentHash":"4930282d6a040da9c0b49db58393fcecdf53f6630176e22a1e4b26d26c0105c5"},"/home/chrismeeky/Desktop/arca_back/src/test/unitTests/index.js":{"path":"/home/chrismeeky/Desktop/arca_back/src/test/unitTests/index.js","statementMap":{"0":{"start":{"line":3,"column":0},"end":{"line":3,"column":33}},"1":{"start":{"line":5,"column":0},"end":{"line":5,"column":32}},"2":{"start":{"line":7,"column":0},"end":{"line":7,"column":28}},"3":{"start":{"line":9,"column":0},"end":{"line":9,"column":29}}},"fnMap":{},"branchMap":{},"s":{"0":1,"1":1,"2":1,"3":1},"f":{},"b":{},"inputSourceMap":{"version":3,"sources":["index.js"],"names":[],"mappings":";;AAAA;;AACA;;AACA;;AACA","sourceRoot":"/home/chrismeeky/Desktop/arca_back/src/test/unitTests/","sourcesContent":["import './authentication.test';\nimport \"./helperMethods.test\"\nimport \"./sendEmail.test\"\nimport \"./middleware.test\""]},"_coverageSchema":"1a1c01bbd47fc00a2c39e90264f33305004495a9","hash":"e4d6ae409014f05a54bf51ebc18169685cc5ab38","contentHash":"90ba99d37f51745a5e746b07a8e671be187943acfa2f65a2be546b9737f3ab41"},"/home/chrismeeky/Desktop/arca_back/src/utils/index.js":{"path":"/home/chrismeeky/Desktop/arca_back/src/utils/index.js","statementMap":{"0":{"start":{"line":3,"column":29},"end":{"line":3,"column":84}},"1":{"start":{"line":5,"column":0},"end":{"line":7,"column":3}},"2":{"start":{"line":8,"column":0},"end":{"line":13,"column":3}},"3":{"start":{"line":11,"column":4},"end":{"line":11,"column":38}},"4":{"start":{"line":14,"column":0},"end":{"line":19,"column":3}},"5":{"start":{"line":17,"column":4},"end":{"line":17,"column":33}},"6":{"start":{"line":20,"column":0},"end":{"line":25,"column":3}},"7":{"start":{"line":23,"column":4},"end":{"line":23,"column":36}},"8":{"start":{"line":26,"column":0},"end":{"line":31,"column":3}},"9":{"start":{"line":29,"column":4},"end":{"line":29,"column":33}},"10":{"start":{"line":33,"column":22},"end":{"line":33,"column":73}},"11":{"start":{"line":35,"column":17},"end":{"line":35,"column":63}},"12":{"start":{"line":37,"column":20},"end":{"line":37,"column":69}},"13":{"start":{"line":39,"column":17},"end":{"line":39,"column":63}}},"fnMap":{"0":{"name":"get","decl":{"start":{"line":10,"column":16},"end":{"line":10,"column":19}},"loc":{"start":{"line":10,"column":22},"end":{"line":12,"column":3}},"line":10},"1":{"name":"get","decl":{"start":{"line":16,"column":16},"end":{"line":16,"column":19}},"loc":{"start":{"line":16,"column":22},"end":{"line":18,"column":3}},"line":16},"2":{"name":"get","decl":{"start":{"line":22,"column":16},"end":{"line":22,"column":19}},"loc":{"start":{"line":22,"column":22},"end":{"line":24,"column":3}},"line":22},"3":{"name":"get","decl":{"start":{"line":28,"column":16},"end":{"line":28,"column":19}},"loc":{"start":{"line":28,"column":22},"end":{"line":30,"column":3}},"line":28}},"branchMap":{},"s":{"0":1,"1":1,"2":1,"3":9,"4":1,"5":6,"6":1,"7":8,"8":1,"9":4,"10":1,"11":1,"12":1,"13":1},"f":{"0":9,"1":6,"2":8,"3":4},"b":{},"inputSourceMap":{"version":3,"sources":["index.js"],"names":[],"mappings":";;;;;;;;;;;;;;;;;;;;;;;;;;;;;;;;AAAA;;AACA;;AACA;;AACA","sourceRoot":"/home/chrismeeky/Desktop/arca_back/src/utils/","sourcesContent":["import Authentication from './authentication';\nimport SendEmail from './sendEmail';\nimport HelperMethods from './helperMethod';\nimport CryptData from './cryptData';\n\nexport {\n  Authentication, SendEmail, HelperMethods, CryptData\n};\n"]},"_coverageSchema":"1a1c01bbd47fc00a2c39e90264f33305004495a9","hash":"d9d80215e4f942dc7c8fe886fe33ab79946af68e","contentHash":"40894719b40ed8c4374b7e60dd1a8258b814fd86636a7ce7d27670b7f7c5b18e"},"/home/chrismeeky/Desktop/arca_back/src/utils/authentication.js":{"path":"/home/chrismeeky/Desktop/arca_back/src/utils/authentication.js","statementMap":{"0":{"start":{"line":3,"column":29},"end":{"line":3,"column":84}},"1":{"start":{"line":5,"column":0},"end":{"line":7,"column":3}},"2":{"start":{"line":8,"column":0},"end":{"line":8,"column":28}},"3":{"start":{"line":10,"column":19},"end":{"line":10,"column":80}},"4":{"start":{"line":12,"column":25},"end":{"line":12,"column":99}},"5":{"start":{"line":14,"column":23},"end":{"line":14,"column":95}},"6":{"start":{"line":16,"column":20},"end":{"line":16,"column":89}},"7":{"start":{"line":18,"column":20},"end":{"line":18,"column":67}},"8":{"start":{"line":20,"column":14},"end":{"line":20,"column":55}},"9":{"start":{"line":22,"column":0},"end":{"line":22,"column":28}},"10":{"start":{"line":30,"column":19},"end":{"line":32,"column":1}},"11":{"start":{"line":31,"column":2},"end":{"line":31,"column":44}},"12":{"start":{"line":40,"column":34},"end":{"line":140,"column":3}},"13":{"start":{"line":42,"column":4},"end":{"line":42,"column":59}},"14":{"start":{"line":45,"column":2},"end":{"line":138,"column":6}},"15":{"start":{"line":55,"column":22},"end":{"line":81,"column":9}},"16":{"start":{"line":59,"column":20},"end":{"line":59,"column":29}},"17":{"start":{"line":60,"column":8},"end":{"line":80,"column":20}},"18":{"start":{"line":61,"column":10},"end":{"line":79,"column":11}},"19":{"start":{"line":62,"column":12},"end":{"line":78,"column":13}},"20":{"start":{"line":64,"column":16},"end":{"line":64,"column":90}},"21":{"start":{"line":65,"column":16},"end":{"line":71,"column":19}},"22":{"start":{"line":72,"column":16},"end":{"line":72,"column":53}},"23":{"start":{"line":73,"column":16},"end":{"line":73,"column":65}},"24":{"start":{"line":77,"column":16},"end":{"line":77,"column":39}},"25":{"start":{"line":84,"column":8},"end":{"line":84,"column":48}},"26":{"start":{"line":87,"column":6},"end":{"line":87,"column":22}},"27":{"start":{"line":98,"column":25},"end":{"line":130,"column":9}},"28":{"start":{"line":100,"column":8},"end":{"line":129,"column":21}},"29":{"start":{"line":101,"column":10},"end":{"line":128,"column":11}},"30":{"start":{"line":102,"column":12},"end":{"line":127,"column":13}},"31":{"start":{"line":104,"column":16},"end":{"line":104,"column":54}},"32":{"start":{"line":105,"column":16},"end":{"line":105,"column":28}},"33":{"start":{"line":106,"column":16},"end":{"line":122,"column":20}},"34":{"start":{"line":107,"column":18},"end":{"line":119,"column":19}},"35":{"start":{"line":108,"column":20},"end":{"line":111,"column":22}},"36":{"start":{"line":113,"column":20},"end":{"line":118,"column":22}},"37":{"start":{"line":121,"column":18},"end":{"line":121,"column":32}},"38":{"start":{"line":126,"column":16},"end":{"line":126,"column":40}},"39":{"start":{"line":133,"column":8},"end":{"line":133,"column":51}},"40":{"start":{"line":136,"column":6},"end":{"line":136,"column":25}},"41":{"start":{"line":139,"column":2},"end":{"line":139,"column":24}},"42":{"start":{"line":142,"column":15},"end":{"line":142,"column":29}},"43":{"start":{"line":143,"column":0},"end":{"line":143,"column":30}}},"fnMap":{"0":{"name":"shuffleToken","decl":{"start":{"line":30,"column":28},"end":{"line":30,"column":40}},"loc":{"start":{"line":30,"column":48},"end":{"line":32,"column":1}},"line":30},"1":{"name":"(anonymous_1)","decl":{"start":{"line":40,"column":34},"end":{"line":40,"column":35}},"loc":{"start":{"line":40,"column":46},"end":{"line":140,"column":1}},"line":40},"2":{"name":"Authentication","decl":{"start":{"line":41,"column":11},"end":{"line":41,"column":25}},"loc":{"start":{"line":41,"column":28},"end":{"line":43,"column":3}},"line":41},"3":{"name":"(anonymous_3)","decl":{"start":{"line":54,"column":11},"end":{"line":54,"column":12}},"loc":{"start":{"line":54,"column":23},"end":{"line":88,"column":5}},"line":54},"4":{"name":"_callee","decl":{"start":{"line":55,"column":109},"end":{"line":55,"column":116}},"loc":{"start":{"line":55,"column":126},"end":{"line":81,"column":7}},"line":55},"5":{"name":"_callee$","decl":{"start":{"line":60,"column":53},"end":{"line":60,"column":61}},"loc":{"start":{"line":60,"column":72},"end":{"line":80,"column":9}},"line":60},"6":{"name":"getToken","decl":{"start":{"line":83,"column":15},"end":{"line":83,"column":23}},"loc":{"start":{"line":83,"column":28},"end":{"line":85,"column":7}},"line":83},"7":{"name":"(anonymous_7)","decl":{"start":{"line":97,"column":11},"end":{"line":97,"column":12}},"loc":{"start":{"line":97,"column":23},"end":{"line":137,"column":5}},"line":97},"8":{"name":"_callee2","decl":{"start":{"line":98,"column":112},"end":{"line":98,"column":120}},"loc":{"start":{"line":98,"column":128},"end":{"line":130,"column":7}},"line":98},"9":{"name":"_callee2$","decl":{"start":{"line":100,"column":53},"end":{"line":100,"column":62}},"loc":{"start":{"line":100,"column":74},"end":{"line":129,"column":9}},"line":100},"10":{"name":"(anonymous_10)","decl":{"start":{"line":106,"column":123},"end":{"line":106,"column":124}},"loc":{"start":{"line":106,"column":147},"end":{"line":122,"column":17}},"line":106},"11":{"name":"verifyToken","decl":{"start":{"line":132,"column":15},"end":{"line":132,"column":26}},"loc":{"start":{"line":132,"column":32},"end":{"line":134,"column":7}},"line":132}},"branchMap":{"0":{"loc":{"start":{"line":62,"column":12},"end":{"line":78,"column":13}},"type":"switch","locations":[{"start":{"line":63,"column":14},"end":{"line":73,"column":65}},{"start":{"line":75,"column":14},"end":{"line":75,"column":21}},{"start":{"line":76,"column":14},"end":{"line":77,"column":39}}],"line":62},"1":{"loc":{"start":{"line":64,"column":28},"end":{"line":64,"column":89}},"type":"cond-expr","locations":[{"start":{"line":64,"column":73},"end":{"line":64,"column":81}},{"start":{"line":64,"column":84},"end":{"line":64,"column":89}}],"line":64},"2":{"loc":{"start":{"line":64,"column":28},"end":{"line":64,"column":70}},"type":"binary-expr","locations":[{"start":{"line":64,"column":28},"end":{"line":64,"column":44}},{"start":{"line":64,"column":48},"end":{"line":64,"column":70}}],"line":64},"3":{"loc":{"start":{"line":102,"column":12},"end":{"line":127,"column":13}},"type":"switch","locations":[{"start":{"line":103,"column":14},"end":{"line":122,"column":20}},{"start":{"line":124,"column":14},"end":{"line":124,"column":21}},{"start":{"line":125,"column":14},"end":{"line":126,"column":40}}],"line":102},"4":{"loc":{"start":{"line":107,"column":18},"end":{"line":119,"column":19}},"type":"if","locations":[{"start":{"line":107,"column":18},"end":{"line":119,"column":19}},{"start":{"line":107,"column":18},"end":{"line":119,"column":19}}],"line":107}},"s":{"0":1,"1":1,"2":1,"3":1,"4":1,"5":1,"6":1,"7":1,"8":1,"9":1,"10":1,"11":5,"12":1,"13":0,"14":1,"15":1,"16":3,"17":3,"18":6,"19":6,"20":3,"21":3,"22":3,"23":3,"24":3,"25":3,"26":1,"27":1,"28":2,"29":4,"30":4,"31":2,"32":2,"33":2,"34":2,"35":1,"36":1,"37":2,"38":2,"39":2,"40":1,"41":1,"42":1,"43":1},"f":{"0":5,"1":1,"2":0,"3":1,"4":3,"5":6,"6":3,"7":1,"8":2,"9":4,"10":2,"11":2},"b":{"0":[3,0,3],"1":[0,3],"2":[3,0],"3":[2,0,2],"4":[1,1]},"inputSourceMap":{"version":3,"sources":["authentication.js"],"names":["dotenv","config","shuffleToken","token","split","reverse","join","Authentication","payload","expiresIn","jwt","sign","id","role","username","process","env","JWT_SECRET","scrambledToken","reshuffledToken","output","verify","err","decoded","Error","success"],"mappings":";;;;;;;;;;;;;;;;;AAAA;;AACA;;AAEAA,mBAAOC,MAAP;AAEA;AACA;AACA;AACA;AACA;;;AACA,IAAMC,YAAY,GAAG,SAAfA,YAAe,CAAAC,KAAK;AAAA,SAAIA,KAAK,CAChCC,KAD2B,CACrB,EADqB,EACjBC,OADiB,GACPC,IADO,CACF,EADE,CAAJ;AAAA,CAA1B;AAGA;AACA;AACA;AACA;AACA;;;IACMC,c;;;;;;;;AACJ;AACF;AACA;AACA;AACA;AACA;;qHACwBC,O;;;;;;;;;AAASC,gBAAAA,S,2DAAY,K;AACnCN,gBAAAA,K,GAAQO,yBAAIC,IAAJ,CAAS;AACrBC,kBAAAA,EAAE,EAAEJ,OAAO,CAACI,EADS;AAErBC,kBAAAA,IAAI,EAAEL,OAAO,CAACK,IAFO;AAGrBC,kBAAAA,QAAQ,EAAEN,OAAO,CAACM;AAHG,iBAAT,EAIXC,OAAO,CAACC,GAAR,CAAYC,UAJD,EAIa;AACzBR,kBAAAA,SAAS,EAATA;AADyB,iBAJb,C;AAORS,gBAAAA,c,GAAiBhB,YAAY,CAACC,KAAD,C;iDAC5Be,c;;;;;;;;;;;;;;;;AAGT;AACF;AACA;AACA;AACA;;;;;yHAC2Bf,K;;;;;;AACjBgB,gBAAAA,e,GAAkBjB,YAAY,CAACC,KAAD,C;AAChCiB,gBAAAA,M,GAAS,E;kDACNV,yBAAIW,MAAJ,CACLF,eADK,EACYJ,OAAO,CAACC,GAAR,CAAYC,UADxB,EACoC,UAACK,GAAD,EAAMC,OAAN,EAAkB;AACzD,sBAAID,GAAJ,EAAS;AACPF,oBAAAA,MAAM,GAAG;AACPI,sBAAAA,KAAK,EAAE,8BADA;AAEPC,sBAAAA,OAAO,EAAE;AAFF,qBAAT;AAID,mBALD,MAKO;AACLL,oBAAAA,MAAM,GAAG;AACPK,sBAAAA,OAAO,EAAE,IADF;AAEPb,sBAAAA,EAAE,EAAEW,OAAO,CAACX,EAFL;AAGPC,sBAAAA,IAAI,EAAEU,OAAO,CAACV,IAHP;AAIPC,sBAAAA,QAAQ,EAAES,OAAO,CAACT;AAJX,qBAAT;AAMD;;AACD,yBAAOM,MAAP;AACD,iBAhBI,C;;;;;;;;;;;;;;;;;;;;eAqBIb,c","sourceRoot":"/home/chrismeeky/Desktop/arca_back/src/utils/","sourcesContent":["import jwt from 'jsonwebtoken';\nimport dotenv from 'dotenv';\n\ndotenv.config();\n\n/**\n * scrambles string data\n * @param {String} token - input string data\n * @returns {String} - scrambled data\n */\nconst shuffleToken = token => token\n  .split('').reverse().join('');\n\n/**\n * Class representing the Authentication methods\n * @class Authentication\n * @description Authentication class methods\n */\nclass Authentication {\n  /**\n   * creates a user token\n   * @param {object} payload - contains id, role username and hashedPassword\n   * @param {integer} expiresIn - Time in seconds\n   * @returns {string} - returns a jwt token\n   */\n  static async getToken(payload, expiresIn = '24h') {\n    const token = jwt.sign({\n      id: payload.id,\n      role: payload.role,\n      username: payload.username,\n    }, process.env.JWT_SECRET, {\n      expiresIn\n    });\n    const scrambledToken = shuffleToken(token);\n    return scrambledToken;\n  }\n\n  /**\n   * verify a token's validity\n   * @param {string} token - token input\n   * @returns {req} - populate the request with the decrypted content\n   */\n  static async verifyToken(token) {\n    const reshuffledToken = shuffleToken(token);\n    let output = {};\n    return jwt.verify(\n      reshuffledToken, process.env.JWT_SECRET, (err, decoded) => {\n        if (err) {\n          output = {\n            Error: 'Failed to authenticate token',\n            success: false\n          };\n        } else {\n          output = {\n            success: true,\n            id: decoded.id,\n            role: decoded.role,\n            username: decoded.username,\n          };\n        }\n        return output;\n      }\n    );\n  }\n}\n\nexport default Authentication;\n"]},"_coverageSchema":"1a1c01bbd47fc00a2c39e90264f33305004495a9","hash":"935518cb686be1bb59108962b1d07b8aa3998163","contentHash":"cfc1b80b47b031749ac401f081a86556eb7e8420dbbf94b1142b61425a57f7f0"},"/home/chrismeeky/Desktop/arca_back/src/utils/sendEmail.js":{"path":"/home/chrismeeky/Desktop/arca_back/src/utils/sendEmail.js","statementMap":{"0":{"start":{"line":3,"column":29},"end":{"line":3,"column":84}},"1":{"start":{"line":5,"column":0},"end":{"line":7,"column":3}},"2":{"start":{"line":8,"column":0},"end":{"line":8,"column":28}},"3":{"start":{"line":10,"column":19},"end":{"line":10,"column":80}},"4":{"start":{"line":12,"column":25},"end":{"line":12,"column":99}},"5":{"start":{"line":14,"column":23},"end":{"line":14,"column":95}},"6":{"start":{"line":16,"column":20},"end":{"line":16,"column":89}},"7":{"start":{"line":18,"column":12},"end":{"line":18,"column":61}},"8":{"start":{"line":20,"column":14},"end":{"line":20,"column":16}},"9":{"start":{"line":22,"column":0},"end":{"line":26,"column":1}},"10":{"start":{"line":23,"column":2},"end":{"line":23,"column":45}},"11":{"start":{"line":25,"column":2},"end":{"line":25,"column":44}},"12":{"start":{"line":34,"column":29},"end":{"line":154,"column":3}},"13":{"start":{"line":36,"column":4},"end":{"line":36,"column":54}},"14":{"start":{"line":39,"column":2},"end":{"line":152,"column":6}},"15":{"start":{"line":49,"column":20},"end":{"line":53,"column":7}},"16":{"start":{"line":54,"column":6},"end":{"line":54,"column":44}},"17":{"start":{"line":67,"column":20},"end":{"line":71,"column":7}},"18":{"start":{"line":72,"column":6},"end":{"line":72,"column":44}},"19":{"start":{"line":84,"column":20},"end":{"line":88,"column":7}},"20":{"start":{"line":89,"column":6},"end":{"line":89,"column":44}},"21":{"start":{"line":100,"column":25},"end":{"line":144,"column":9}},"22":{"start":{"line":102,"column":8},"end":{"line":143,"column":37}},"23":{"start":{"line":103,"column":10},"end":{"line":142,"column":11}},"24":{"start":{"line":104,"column":12},"end":{"line":141,"column":13}},"25":{"start":{"line":106,"column":16},"end":{"line":106,"column":73}},"26":{"start":{"line":108,"column":16},"end":{"line":113,"column":18}},"27":{"start":{"line":114,"column":16},"end":{"line":114,"column":34}},"28":{"start":{"line":115,"column":16},"end":{"line":115,"column":34}},"29":{"start":{"line":116,"column":16},"end":{"line":116,"column":50}},"30":{"start":{"line":119,"column":16},"end":{"line":119,"column":44}},"31":{"start":{"line":120,"column":16},"end":{"line":120,"column":58}},"32":{"start":{"line":122,"column":16},"end":{"line":125,"column":17}},"33":{"start":{"line":123,"column":18},"end":{"line":123,"column":36}},"34":{"start":{"line":124,"column":18},"end":{"line":124,"column":24}},"35":{"start":{"line":127,"column":16},"end":{"line":127,"column":55}},"36":{"start":{"line":130,"column":16},"end":{"line":130,"column":35}},"37":{"start":{"line":131,"column":16},"end":{"line":131,"column":22}},"38":{"start":{"line":134,"column":16},"end":{"line":134,"column":35}},"39":{"start":{"line":135,"column":16},"end":{"line":135,"column":51}},"40":{"start":{"line":136,"column":16},"end":{"line":136,"column":56}},"41":{"start":{"line":140,"column":16},"end":{"line":140,"column":39}},"42":{"start":{"line":147,"column":8},"end":{"line":147,"column":51}},"43":{"start":{"line":150,"column":6},"end":{"line":150,"column":25}},"44":{"start":{"line":153,"column":2},"end":{"line":153,"column":19}},"45":{"start":{"line":156,"column":15},"end":{"line":156,"column":24}},"46":{"start":{"line":157,"column":0},"end":{"line":157,"column":30}}},"fnMap":{"0":{"name":"(anonymous_0)","decl":{"start":{"line":34,"column":29},"end":{"line":34,"column":30}},"loc":{"start":{"line":34,"column":41},"end":{"line":154,"column":1}},"line":34},"1":{"name":"SendEmail","decl":{"start":{"line":35,"column":11},"end":{"line":35,"column":20}},"loc":{"start":{"line":35,"column":23},"end":{"line":37,"column":3}},"line":35},"2":{"name":"verifyEmail","decl":{"start":{"line":48,"column":20},"end":{"line":48,"column":31}},"loc":{"start":{"line":48,"column":57},"end":{"line":55,"column":5}},"line":48},"3":{"name":"confirmRegistrationComplete","decl":{"start":{"line":66,"column":20},"end":{"line":66,"column":47}},"loc":{"start":{"line":66,"column":55},"end":{"line":73,"column":5}},"line":66},"4":{"name":"resetPassword","decl":{"start":{"line":83,"column":20},"end":{"line":83,"column":33}},"loc":{"start":{"line":83,"column":41},"end":{"line":90,"column":5}},"line":83},"5":{"name":"(anonymous_5)","decl":{"start":{"line":99,"column":11},"end":{"line":99,"column":12}},"loc":{"start":{"line":99,"column":23},"end":{"line":151,"column":5}},"line":99},"6":{"name":"_callee","decl":{"start":{"line":100,"column":112},"end":{"line":100,"column":119}},"loc":{"start":{"line":100,"column":129},"end":{"line":144,"column":7}},"line":100},"7":{"name":"_callee$","decl":{"start":{"line":102,"column":53},"end":{"line":102,"column":61}},"loc":{"start":{"line":102,"column":72},"end":{"line":143,"column":9}},"line":102},"8":{"name":"emailSender","decl":{"start":{"line":146,"column":15},"end":{"line":146,"column":26}},"loc":{"start":{"line":146,"column":31},"end":{"line":148,"column":7}},"line":146}},"branchMap":{"0":{"loc":{"start":{"line":22,"column":0},"end":{"line":26,"column":1}},"type":"if","locations":[{"start":{"line":22,"column":0},"end":{"line":26,"column":1}},{"start":{"line":22,"column":0},"end":{"line":26,"column":1}}],"line":22},"1":{"loc":{"start":{"line":104,"column":12},"end":{"line":141,"column":13}},"type":"switch","locations":[{"start":{"line":105,"column":14},"end":{"line":116,"column":50}},{"start":{"line":118,"column":14},"end":{"line":127,"column":55}},{"start":{"line":129,"column":14},"end":{"line":131,"column":22}},{"start":{"line":133,"column":14},"end":{"line":136,"column":56}},{"start":{"line":138,"column":14},"end":{"line":138,"column":22}},{"start":{"line":139,"column":14},"end":{"line":140,"column":39}}],"line":104},"2":{"loc":{"start":{"line":122,"column":16},"end":{"line":125,"column":17}},"type":"if","locations":[{"start":{"line":122,"column":16},"end":{"line":125,"column":17}},{"start":{"line":122,"column":16},"end":{"line":125,"column":17}}],"line":122}},"s":{"0":1,"1":1,"2":1,"3":1,"4":1,"5":1,"6":1,"7":1,"8":1,"9":1,"10":1,"11":0,"12":1,"13":0,"14":1,"15":1,"16":1,"17":1,"18":1,"19":1,"20":1,"21":1,"22":2,"23":6,"24":6,"25":2,"26":2,"27":2,"28":2,"29":2,"30":2,"31":2,"32":2,"33":0,"34":0,"35":2,"36":0,"37":0,"38":0,"39":0,"40":0,"41":2,"42":2,"43":1,"44":1,"45":1,"46":1},"f":{"0":1,"1":0,"2":1,"3":1,"4":1,"5":1,"6":2,"7":6,"8":2},"b":{"0":[1,0],"1":[2,2,0,0,0,2],"2":[0,2]},"inputSourceMap":{"version":3,"sources":["sendEmail.js"],"names":["baseUrl","process","env","NODE_ENV","DEVELOPMENT_BASE_URL","PRODUCTION_BASE_URL","SendEmail","email","firstName","token","details","subject","html","emailSender","sendGrid","setApiKey","SENDGRID_API_KEY","msg","from","mail_master","to","send","isEmailSent","console","log"],"mappings":";;;;;;;;;;;;;;;;;AAAA;;AAEA,IAAIA,OAAO,GAAG,EAAd;;AAEA,IAAIC,OAAO,CAACC,GAAR,CAAYC,QAAZ,KAAyB,YAA7B,EAA2C;AACzCH,EAAAA,OAAO,GAAGC,OAAO,CAACC,GAAR,CAAYE,oBAAtB;AACD,CAFD,MAEO;AACLJ,EAAAA,OAAO,GAAGC,OAAO,CAACC,GAAR,CAAYG,mBAAtB;AACD;AAED;;AACA;AACA;AACA;;;IACMC,S;;;;;;;;AACJ;AACF;AACA;AACA;AACA;AACA;gCACqBC,K,EAAOC,S,EAAWC,K,EAAO;AAC1C,UAAMC,OAAO,GAAG;AACdH,QAAAA,KAAK,EAALA,KADc;AAEdI,QAAAA,OAAO,EAAE,2BAFK;AAGdC,QAAAA,IAAI,gZAQuCJ,SARvC,2KAYkDD,KAZlD,wUAkBkBP,OAlBlB,sCAkBqDS,KAlBrD;AAHU,OAAhB;AAkCA,aAAOH,SAAS,CAACO,WAAV,CAAsBH,OAAtB,CAAP;AACD;AAED;AACF;AACA;AACA;AACA;AACA;AACA;;;;gDACqCH,K,EAAO;AACxC,UAAMG,OAAO,GAAG;AACdH,QAAAA,KAAK,EAALA,KADc;AAEdI,QAAAA,OAAO,EAAE,2BAFK;AAGdC,QAAAA,IAAI,0IAGOZ,OAHP;AAHU,OAAhB;AAQA,aAAOM,SAAS,CAACO,WAAV,CAAsBH,OAAtB,CAAP;AACD;AAED;AACF;AACA;AACA;AACA;AACA;;;;kCACuBH,K,EAAO;AAC1B,UAAMG,OAAO,GAAG;AACdH,QAAAA,KAAK,EAALA,KADc;AAEdI,QAAAA,OAAO,EAAE,gCAFK;AAGdC,QAAAA,IAAI,sQAKUZ,OALV;AAHU,OAAhB;AAaA,aAAOM,SAAS,CAACO,WAAV,CAAsBH,OAAtB,CAAP;AACD;AAED;AACF;AACA;AACA;AACA;;;;;wHAC2BA,O;;;;;;AACvBI,iCAASC,SAAT,CAAmBd,OAAO,CAACC,GAAR,CAAYc,gBAA/B;;AACMC,gBAAAA,G,GAAM;AACVC,kBAAAA,IAAI,EAAEjB,OAAO,CAACC,GAAR,CAAYiB,WADR;AAEVP,kBAAAA,IAAI,EAAEF,OAAO,CAACE,IAFJ;AAGVD,kBAAAA,OAAO,EAAED,OAAO,CAACC,OAHP;AAIVS,kBAAAA,EAAE,EAAEV,OAAO,CAACH;AAJF,iB;;;uBAOgBO,iBAASO,IAAT,CAAcJ,GAAd,C;;;AAApBK,gBAAAA,W;AACNC,gBAAAA,OAAO,CAACC,GAAR,CAAY,eAAZ,EAA4BF,WAA5B;;qBACIA,W;;;;;iDACK,I;;;;;;;;;iDAGF,K;;;;;;;;;;;;;;;;;;;;eAIEhB,S","sourceRoot":"/home/chrismeeky/Desktop/arca_back/src/utils/","sourcesContent":["import sendGrid from \"@sendgrid/mail\";\n\nlet baseUrl = \"\";\n\nif (process.env.NODE_ENV !== \"production\") {\n  baseUrl = process.env.DEVELOPMENT_BASE_URL;\n} else {\n  baseUrl = process.env.PRODUCTION_BASE_URL;\n}\n\n/* eslint-disable max-len */\n/**\n * @description contains utility function to send emails\n */\nclass SendEmail {\n  /**\n   * @param {string} email - email address to send the message to\n   * @param {string} firstName - User's first name\n   * @param {string} token - Token generated during signup\n   * @returns {boolean} specifies if the email was sent successfully\n   */\n  static verifyEmail(email, firstName, token) {\n    const details = {\n      email,\n      subject: \"Email Verification - Arca\",\n      html: `'<div style=\"width: 90%; margin: 5em auto;\n       box-shadow: 0 0 10px rgba(0,0,0,.9);\">\n        <div>\n          <div>\n            <div style=\"background-color: #2084ba; height: 3rem; width: 100%\">\n                <h2 style=\"text-align: center; color: white;\n                 padding-top: 10px;\">Arca</h2>\n            </div>\n            <h4 style=\"text-align: center\">Hi! ${firstName}</h4>\n          </div>\n          <div style=\" padding: 0px 20px 20px 20px\">\n            <div>\n              <p>Please verify that your email is <strong>${email}</strong>\n               when you signed up.</p>\n              <p>Click on the button below to verify.</p>\n              <button style=\"color: white; background-color: #2084ba;\n               border: none; border-radius: 10px; text-align: center;\n                padding: 10px;\">\n                <a  href=\"${baseUrl}/auth/verify_email?token=${token}\"\n                 style=\"text-decoration: none;\n                 color: white;\">Verify Account</a></button>\n            </div>\n            <div>\n              <h3 style=\"text-align: center\">Thank you</h3>\n              <h3 style=\"text-align: center\">\n              Please do not reply, this is an autogenerated email.</h3>\n            </div>\n          </div>\n        </div>\n      </div>`,\n    };\n    return SendEmail.emailSender(details);\n  }\n\n  /**\n   * This function sends an email on verification of email address\n   * @param {string} email - email address to send the message to\n   * @param {string} token - Token generated during signup\n   * @returns {boolean} specifies if a verification email was sent to user\n   * after registration\n   */\n  static confirmRegistrationComplete(email) {\n    const details = {\n      email,\n      subject: \"Email Verification - Arca\",\n      html: `<p>Your registration has been completed<p>\n      <p>Thank you for registering with Arca.</p>\n       <p> >>>\n       <a href=${baseUrl}/home> Go to your profile </a> <<< </p>`,\n    };\n    return SendEmail.emailSender(details);\n  }\n\n  /**\n   * This function sends an email to reset password\n   * @param {string} email - email address to send the message to\n   * @returns {boolean} specifies if a verification email was sent to user\n   * after registration\n   */\n  static resetPassword(email) {\n    const details = {\n      email,\n      subject: \"Reset Password - Soft Overflow\",\n      html: `<div>\n        <p>Click on the button below to reset your password.</p>\n        <button style=\"color: white; background-color: #2084ba; \n        border: none; border-radius: 10px; text-align: center;\n        padding: 10px;\">\n        <a  href=\"${baseUrl}\"\n          style=\"text-decoration: none; color: white;\">\n        Reset Password</a></button>\n        </div>`,\n    };\n    return SendEmail.emailSender(details);\n  }\n\n  /**\n   *\n   * @param {object} details - Object containing info for sending email\n   * @returns {boolean} sends email to users\n   */\n  static async emailSender(details) {\n    sendGrid.setApiKey(process.env.SENDGRID_API_KEY);\n    const msg = {\n      from: process.env.mail_master,\n      html: details.html,\n      subject: details.subject,\n      to: details.email,\n    };\n    try {\n      const isEmailSent = await sendGrid.send(msg);\n      console.log(\"is email sent\",isEmailSent)\n      if (isEmailSent) {\n        return true;\n      }\n    } catch (error) {\n      return false;\n    }\n  }\n}\nexport default SendEmail;\n"]},"_coverageSchema":"1a1c01bbd47fc00a2c39e90264f33305004495a9","hash":"0ee4ebed0acde5d66c22d6c74e25870d9c5a4b03","contentHash":"11ad4947cd373597e7ec8128728bb3a50bf7e06e22210b41fcfb487922e16970"},"/home/chrismeeky/Desktop/arca_back/src/utils/helperMethod.js":{"path":"/home/chrismeeky/Desktop/arca_back/src/utils/helperMethod.js","statementMap":{"0":{"start":{"line":3,"column":29},"end":{"line":3,"column":84}},"1":{"start":{"line":5,"column":0},"end":{"line":7,"column":3}},"2":{"start":{"line":8,"column":0},"end":{"line":8,"column":28}},"3":{"start":{"line":10,"column":23},"end":{"line":10,"column":95}},"4":{"start":{"line":12,"column":23},"end":{"line":12,"column":95}},"5":{"start":{"line":14,"column":20},"end":{"line":14,"column":89}},"6":{"start":{"line":16,"column":54},"end":{"line":16,"column":73}},"7":{"start":{"line":16,"column":75},"end":{"line":16,"column":326}},"8":{"start":{"line":16,"column":125},"end":{"line":16,"column":161}},"9":{"start":{"line":16,"column":163},"end":{"line":16,"column":292}},"10":{"start":{"line":16,"column":183},"end":{"line":16,"column":292}},"11":{"start":{"line":16,"column":225},"end":{"line":16,"column":288}},"12":{"start":{"line":16,"column":293},"end":{"line":16,"column":324}},"13":{"start":{"line":16,"column":327},"end":{"line":16,"column":339}},"14":{"start":{"line":18,"column":33},"end":{"line":18,"column":534}},"15":{"start":{"line":18,"column":46},"end":{"line":18,"column":47}},"16":{"start":{"line":18,"column":91},"end":{"line":18,"column":131}},"17":{"start":{"line":18,"column":133},"end":{"line":18,"column":532}},"18":{"start":{"line":18,"column":146},"end":{"line":18,"column":264}},"19":{"start":{"line":18,"column":201},"end":{"line":18,"column":260}},"20":{"start":{"line":18,"column":272},"end":{"line":18,"column":532}},"21":{"start":{"line":18,"column":312},"end":{"line":18,"column":386}},"22":{"start":{"line":18,"column":396},"end":{"line":18,"column":530}},"23":{"start":{"line":18,"column":445},"end":{"line":18,"column":526}},"24":{"start":{"line":18,"column":535},"end":{"line":18,"column":549}},"25":{"start":{"line":25,"column":33},"end":{"line":80,"column":3}},"26":{"start":{"line":27,"column":4},"end":{"line":27,"column":58}},"27":{"start":{"line":30,"column":2},"end":{"line":78,"column":6}},"28":{"start":{"line":40,"column":6},"end":{"line":43,"column":9}},"29":{"start":{"line":56,"column":19},"end":{"line":56,"column":90}},"30":{"start":{"line":57,"column":6},"end":{"line":60,"column":9}},"31":{"start":{"line":73,"column":19},"end":{"line":73,"column":90}},"32":{"start":{"line":74,"column":6},"end":{"line":76,"column":19}},"33":{"start":{"line":79,"column":2},"end":{"line":79,"column":23}},"34":{"start":{"line":82,"column":15},"end":{"line":82,"column":28}},"35":{"start":{"line":83,"column":0},"end":{"line":83,"column":30}}},"fnMap":{"0":{"name":"ownKeys","decl":{"start":{"line":16,"column":9},"end":{"line":16,"column":16}},"loc":{"start":{"line":16,"column":41},"end":{"line":16,"column":341}},"line":16},"1":{"name":"(anonymous_1)","decl":{"start":{"line":16,"column":208},"end":{"line":16,"column":209}},"loc":{"start":{"line":16,"column":223},"end":{"line":16,"column":290}},"line":16},"2":{"name":"_objectSpread","decl":{"start":{"line":18,"column":9},"end":{"line":18,"column":22}},"loc":{"start":{"line":18,"column":31},"end":{"line":18,"column":551}},"line":18},"3":{"name":"(anonymous_3)","decl":{"start":{"line":18,"column":184},"end":{"line":18,"column":185}},"loc":{"start":{"line":18,"column":199},"end":{"line":18,"column":262}},"line":18},"4":{"name":"(anonymous_4)","decl":{"start":{"line":18,"column":428},"end":{"line":18,"column":429}},"loc":{"start":{"line":18,"column":443},"end":{"line":18,"column":528}},"line":18},"5":{"name":"(anonymous_5)","decl":{"start":{"line":25,"column":33},"end":{"line":25,"column":34}},"loc":{"start":{"line":25,"column":45},"end":{"line":80,"column":1}},"line":25},"6":{"name":"HelperMethods","decl":{"start":{"line":26,"column":11},"end":{"line":26,"column":24}},"loc":{"start":{"line":26,"column":27},"end":{"line":28,"column":3}},"line":26},"7":{"name":"serverError","decl":{"start":{"line":39,"column":20},"end":{"line":39,"column":31}},"loc":{"start":{"line":39,"column":46},"end":{"line":44,"column":5}},"line":39},"8":{"name":"clientError","decl":{"start":{"line":55,"column":20},"end":{"line":55,"column":31}},"loc":{"start":{"line":55,"column":46},"end":{"line":61,"column":5}},"line":55},"9":{"name":"requestSuccessful","decl":{"start":{"line":72,"column":20},"end":{"line":72,"column":37}},"loc":{"start":{"line":72,"column":52},"end":{"line":77,"column":5}},"line":72}},"branchMap":{"0":{"loc":{"start":{"line":16,"column":75},"end":{"line":16,"column":326}},"type":"if","locations":[{"start":{"line":16,"column":75},"end":{"line":16,"column":326}},{"start":{"line":16,"column":75},"end":{"line":16,"column":326}}],"line":16},"1":{"loc":{"start":{"line":16,"column":163},"end":{"line":16,"column":292}},"type":"if","locations":[{"start":{"line":16,"column":163},"end":{"line":16,"column":292}},{"start":{"line":16,"column":163},"end":{"line":16,"column":292}}],"line":16},"2":{"loc":{"start":{"line":18,"column":91},"end":{"line":18,"column":131}},"type":"cond-expr","locations":[{"start":{"line":18,"column":114},"end":{"line":18,"column":126}},{"start":{"line":18,"column":129},"end":{"line":18,"column":131}}],"line":18},"3":{"loc":{"start":{"line":18,"column":133},"end":{"line":18,"column":532}},"type":"if","locations":[{"start":{"line":18,"column":133},"end":{"line":18,"column":532}},{"start":{"line":18,"column":133},"end":{"line":18,"column":532}}],"line":18},"4":{"loc":{"start":{"line":18,"column":272},"end":{"line":18,"column":532}},"type":"if","locations":[{"start":{"line":18,"column":272},"end":{"line":18,"column":532}},{"start":{"line":18,"column":272},"end":{"line":18,"column":532}}],"line":18},"5":{"loc":{"start":{"line":42,"column":17},"end":{"line":42,"column":51}},"type":"binary-expr","locations":[{"start":{"line":42,"column":17},"end":{"line":42,"column":24}},{"start":{"line":42,"column":28},"end":{"line":42,"column":51}}],"line":42},"6":{"loc":{"start":{"line":56,"column":19},"end":{"line":56,"column":90}},"type":"cond-expr","locations":[{"start":{"line":56,"column":72},"end":{"line":56,"column":84}},{"start":{"line":56,"column":87},"end":{"line":56,"column":90}}],"line":56},"7":{"loc":{"start":{"line":56,"column":19},"end":{"line":56,"column":69}},"type":"binary-expr","locations":[{"start":{"line":56,"column":19},"end":{"line":56,"column":39}},{"start":{"line":56,"column":43},"end":{"line":56,"column":69}}],"line":56},"8":{"loc":{"start":{"line":73,"column":19},"end":{"line":73,"column":90}},"type":"cond-expr","locations":[{"start":{"line":73,"column":72},"end":{"line":73,"column":84}},{"start":{"line":73,"column":87},"end":{"line":73,"column":90}}],"line":73},"9":{"loc":{"start":{"line":73,"column":19},"end":{"line":73,"column":69}},"type":"binary-expr","locations":[{"start":{"line":73,"column":19},"end":{"line":73,"column":39}},{"start":{"line":73,"column":43},"end":{"line":73,"column":69}}],"line":73}},"s":{"0":1,"1":1,"2":1,"3":1,"4":1,"5":1,"6":4,"7":4,"8":4,"9":4,"10":4,"11":0,"12":4,"13":4,"14":4,"15":4,"16":4,"17":4,"18":4,"19":8,"20":0,"21":0,"22":0,"23":0,"24":4,"25":1,"26":0,"27":1,"28":3,"29":1,"30":1,"31":4,"32":4,"33":1,"34":1,"35":1},"f":{"0":4,"1":0,"2":4,"3":8,"4":0,"5":1,"6":0,"7":3,"8":1,"9":4},"b":{"0":[4,0],"1":[4,0],"2":[4,0],"3":[4,0],"4":[0,0],"5":[3,1],"6":[0,1],"7":[1,0],"8":[2,2],"9":[4,2]},"inputSourceMap":{"version":3,"sources":["helperMethod.js"],"names":["HelperMethods","res","message","status","json","success","payload"],"mappings":";;;;;;;;;;;;;;;;;;;AAAA;AACA;AACA;AACA;AACA;IACMA,a;;;;;;;;AACJ;AACF;AACA;AACA;AACA;AACA;gCACqBC,G,EAAKC,O,EAAS;AAC/B,aAAOD,GAAG,CAACE,MAAJ,CAAW,GAAX,EAAgBC,IAAhB,CAAqB;AAC1BC,QAAAA,OAAO,EAAE,KADiB;AAE1BH,QAAAA,OAAO,EAAEA,OAAO,IAAI;AAFM,OAArB,CAAP;AAID;AAED;AACF;AACA;AACA;AACA;AACA;AACA;;;;gCACqBD,G,EAAKC,O,EAAuB;AAAA,UAAdC,MAAc,uEAAL,GAAK;AAC7C,aAAOF,GAAG,CAACE,MAAJ,CAAWA,MAAX,EAAmBC,IAAnB,CAAwB;AAC7BC,QAAAA,OAAO,EAAE,KADoB;AAE7BH,QAAAA,OAAO,EAAPA;AAF6B,OAAxB,CAAP;AAID;AAED;AACF;AACA;AACA;AACA;AACA;AACA;;;;sCAC2BD,G,EAAKK,O,EAAuB;AAAA,UAAdH,MAAc,uEAAL,GAAK;AACnD,aAAOF,GAAG,CAACE,MAAJ,CAAWA,MAAX,EAAmBC,IAAnB;AAA0BC,QAAAA,OAAO,EAAE;AAAnC,SAA2CC,OAA3C,EAAP;AACD;;;;;eAGYN,a","sourceRoot":"/home/chrismeeky/Desktop/arca_back/src/utils/","sourcesContent":["/**\n * Class representing the helper methods\n * @class HelperMethods\n * @description methods used everywhere in the codebase\n */\nclass HelperMethods {\n  /**\n   * A method used to send server errors\n   * @param {object} res - HTTP response object\n   * @param {String} message - The error message you want to set.\n   * @returns {object} res - The HTTP response object\n   */\n  static serverError(res, message) {\n    return res.status(500).json({\n      success: false,\n      message: message || 'Internal server error',\n    });\n  }\n\n  /**\n   * A method used to send client-side errors\n   * @param {object} res - HTTP response object\n   * @param {String} message - The error message you want to set.\n   * @param {number} status = Status code of the client error\n   * @returns {object} res - The HTTP response object\n   */\n  static clientError(res, message, status = 400) {\n    return res.status(status).json({\n      success: false,\n      message,\n    });\n  }\n\n  /**\n   * A method used to confirm that a request was successful\n   * @param {object} res - HTTP response object\n   * @param {object} payload - data we want to send to the front-end\n   * @param {number} status = Status code of the successful request\n   * @returns {object} res - HTTP response object\n   */\n  static requestSuccessful(res, payload, status = 200) {\n    return res.status(status).json({ success: true,...payload });\n  }\n}\n\nexport default HelperMethods;\n"]},"_coverageSchema":"1a1c01bbd47fc00a2c39e90264f33305004495a9","hash":"6e3c11c721600e496a69c9f8ccfb63dd8e8ccf4d","contentHash":"a3990e11eaf3ecb87d4024a33c2ec812ac5eb78e3d31ac80a2349881a8900ada"},"/home/chrismeeky/Desktop/arca_back/src/utils/cryptData.js":{"path":"/home/chrismeeky/Desktop/arca_back/src/utils/cryptData.js","statementMap":{"0":{"start":{"line":3,"column":29},"end":{"line":3,"column":84}},"1":{"start":{"line":5,"column":0},"end":{"line":7,"column":3}},"2":{"start":{"line":8,"column":0},"end":{"line":8,"column":28}},"3":{"start":{"line":10,"column":19},"end":{"line":10,"column":80}},"4":{"start":{"line":12,"column":25},"end":{"line":12,"column":99}},"5":{"start":{"line":14,"column":23},"end":{"line":14,"column":95}},"6":{"start":{"line":16,"column":20},"end":{"line":16,"column":89}},"7":{"start":{"line":18,"column":14},"end":{"line":18,"column":55}},"8":{"start":{"line":25,"column":29},"end":{"line":120,"column":3}},"9":{"start":{"line":27,"column":4},"end":{"line":27,"column":54}},"10":{"start":{"line":30,"column":2},"end":{"line":118,"column":6}},"11":{"start":{"line":39,"column":25},"end":{"line":65,"column":9}},"12":{"start":{"line":41,"column":8},"end":{"line":64,"column":36}},"13":{"start":{"line":42,"column":10},"end":{"line":63,"column":11}},"14":{"start":{"line":43,"column":12},"end":{"line":62,"column":13}},"15":{"start":{"line":45,"column":16},"end":{"line":45,"column":25}},"16":{"start":{"line":46,"column":16},"end":{"line":46,"column":34}},"17":{"start":{"line":47,"column":16},"end":{"line":47,"column":34}},"18":{"start":{"line":48,"column":16},"end":{"line":48,"column":68}},"19":{"start":{"line":51,"column":16},"end":{"line":51,"column":43}},"20":{"start":{"line":52,"column":16},"end":{"line":52,"column":61}},"21":{"start":{"line":55,"column":16},"end":{"line":55,"column":34}},"22":{"start":{"line":56,"column":16},"end":{"line":56,"column":51}},"23":{"start":{"line":57,"column":16},"end":{"line":57,"column":91}},"24":{"start":{"line":61,"column":16},"end":{"line":61,"column":39}},"25":{"start":{"line":68,"column":8},"end":{"line":68,"column":51}},"26":{"start":{"line":71,"column":6},"end":{"line":71,"column":25}},"27":{"start":{"line":85,"column":25},"end":{"line":110,"column":9}},"28":{"start":{"line":87,"column":8},"end":{"line":109,"column":37}},"29":{"start":{"line":88,"column":10},"end":{"line":108,"column":11}},"30":{"start":{"line":89,"column":12},"end":{"line":107,"column":13}},"31":{"start":{"line":91,"column":16},"end":{"line":91,"column":35}},"32":{"start":{"line":92,"column":16},"end":{"line":92,"column":35}},"33":{"start":{"line":93,"column":16},"end":{"line":93,"column":79}},"34":{"start":{"line":96,"column":16},"end":{"line":96,"column":51}},"35":{"start":{"line":97,"column":16},"end":{"line":97,"column":69}},"36":{"start":{"line":100,"column":16},"end":{"line":100,"column":35}},"37":{"start":{"line":101,"column":16},"end":{"line":101,"column":53}},"38":{"start":{"line":102,"column":16},"end":{"line":102,"column":108}},"39":{"start":{"line":106,"column":16},"end":{"line":106,"column":40}},"40":{"start":{"line":113,"column":8},"end":{"line":113,"column":51}},"41":{"start":{"line":116,"column":6},"end":{"line":116,"column":25}},"42":{"start":{"line":119,"column":2},"end":{"line":119,"column":19}},"43":{"start":{"line":122,"column":15},"end":{"line":122,"column":24}},"44":{"start":{"line":123,"column":0},"end":{"line":123,"column":30}}},"fnMap":{"0":{"name":"(anonymous_0)","decl":{"start":{"line":25,"column":29},"end":{"line":25,"column":30}},"loc":{"start":{"line":25,"column":41},"end":{"line":120,"column":1}},"line":25},"1":{"name":"CryptData","decl":{"start":{"line":26,"column":11},"end":{"line":26,"column":20}},"loc":{"start":{"line":26,"column":23},"end":{"line":28,"column":3}},"line":26},"2":{"name":"(anonymous_2)","decl":{"start":{"line":38,"column":11},"end":{"line":38,"column":12}},"loc":{"start":{"line":38,"column":23},"end":{"line":72,"column":5}},"line":38},"3":{"name":"_callee","decl":{"start":{"line":39,"column":112},"end":{"line":39,"column":119}},"loc":{"start":{"line":39,"column":135},"end":{"line":65,"column":7}},"line":39},"4":{"name":"_callee$","decl":{"start":{"line":41,"column":53},"end":{"line":41,"column":61}},"loc":{"start":{"line":41,"column":72},"end":{"line":64,"column":9}},"line":41},"5":{"name":"encryptData","decl":{"start":{"line":67,"column":15},"end":{"line":67,"column":26}},"loc":{"start":{"line":67,"column":31},"end":{"line":69,"column":7}},"line":67},"6":{"name":"(anonymous_6)","decl":{"start":{"line":84,"column":11},"end":{"line":84,"column":12}},"loc":{"start":{"line":84,"column":23},"end":{"line":117,"column":5}},"line":84},"7":{"name":"_callee2","decl":{"start":{"line":85,"column":112},"end":{"line":85,"column":120}},"loc":{"start":{"line":85,"column":150},"end":{"line":110,"column":7}},"line":85},"8":{"name":"_callee2$","decl":{"start":{"line":87,"column":53},"end":{"line":87,"column":62}},"loc":{"start":{"line":87,"column":74},"end":{"line":109,"column":9}},"line":87},"9":{"name":"decryptData","decl":{"start":{"line":112,"column":15},"end":{"line":112,"column":26}},"loc":{"start":{"line":112,"column":37},"end":{"line":114,"column":7}},"line":112}},"branchMap":{"0":{"loc":{"start":{"line":43,"column":12},"end":{"line":62,"column":13}},"type":"switch","locations":[{"start":{"line":44,"column":14},"end":{"line":48,"column":68}},{"start":{"line":50,"column":14},"end":{"line":52,"column":61}},{"start":{"line":54,"column":14},"end":{"line":57,"column":91}},{"start":{"line":59,"column":14},"end":{"line":59,"column":22}},{"start":{"line":60,"column":14},"end":{"line":61,"column":39}}],"line":43},"1":{"loc":{"start":{"line":89,"column":12},"end":{"line":107,"column":13}},"type":"switch","locations":[{"start":{"line":90,"column":14},"end":{"line":93,"column":79}},{"start":{"line":95,"column":14},"end":{"line":97,"column":69}},{"start":{"line":99,"column":14},"end":{"line":102,"column":108}},{"start":{"line":104,"column":14},"end":{"line":104,"column":22}},{"start":{"line":105,"column":14},"end":{"line":106,"column":40}}],"line":89}},"s":{"0":1,"1":1,"2":1,"3":1,"4":1,"5":1,"6":1,"7":1,"8":1,"9":0,"10":1,"11":1,"12":3,"13":9,"14":9,"15":3,"16":3,"17":3,"18":3,"19":3,"20":3,"21":0,"22":0,"23":0,"24":3,"25":3,"26":1,"27":1,"28":1,"29":3,"30":3,"31":1,"32":1,"33":1,"34":1,"35":1,"36":0,"37":0,"38":0,"39":1,"40":1,"41":1,"42":1,"43":1,"44":1},"f":{"0":1,"1":0,"2":1,"3":3,"4":9,"5":3,"6":1,"7":1,"8":3,"9":1},"b":{"0":[3,3,0,0,3],"1":[1,1,0,0,1]},"inputSourceMap":{"version":3,"sources":["cryptData.js"],"names":["CryptData","dataToEncrypt","salt","bcrypt","hash","hashedData","Error","dataToDecrypt","dataBaseHash","compare","isPasswordCorrect"],"mappings":";;;;;;;;;;;;;;;;;AAAA;;AAEA;AACA;AACA;AACA;AACA;IACMA,S;;;;;;;;AACJ;AACF;AACA;AACA;AACA;;wHAC2BC,a;;;;;;AACjBC,gBAAAA,I,GAAO,C;;;uBAEcC,mBAAOC,IAAP,CAAYH,aAAZ,EAA2BC,IAA3B,C;;;AAAnBG,gBAAAA,U;iDACCA,U;;;;;iDAEAC,KAAK,CAAC,iCAAD,C;;;;;;;;;;;;;;;;AAIhB;AACF;AACA;AACA;AACA;AACA;AACA;AACA;;;;;yHAC2BC,a,EAAeC,Y;;;;;;;;uBAEJL,mBAAOM,OAAP,CAC9BF,aAD8B,EAE9BC,YAF8B,C;;;AAA1BE,gBAAAA,iB;kDAICA,iB;;;;;kDAEAJ,KAAK,CAAC,iDAAD,C;;;;;;;;;;;;;;;;;;;;eAIHN,S","sourceRoot":"/home/chrismeeky/Desktop/arca_back/src/utils/","sourcesContent":["import bcrypt from \"bcrypt\";\n\n/**\n * @class CryptData\n * @description class defining the methods used to crypt and decrypt\n * sensitive information\n */\nclass CryptData {\n  /**\n   * @param {string} dataToEncrypt - string to encrypt\n   * @return {string} - hashed string\n   * @memberof CryptData\n   */\n  static async encryptData(dataToEncrypt) {\n    const salt = 6;\n    try {\n      const hashedData = await bcrypt.hash(dataToEncrypt, salt);\n      return hashedData;\n    } catch (err) {\n      return Error(\"An error occurred while hashing\");\n    }\n  }\n\n  /**\n   * @param {string} dataToDecrypt - string to decrypt\n   * @param {string} dataBaseHash - hash used to compare the string against\n   * @return {boolean} - result of the comparison. If the passed in string\n   * is the same as the hash used to compare, then a boolean 'true' is\n   * returned else 'false' is returned.\n   * @memberof CryptData\n   */\n  static async decryptData(dataToDecrypt, dataBaseHash) {\n    try {\n      const isPasswordCorrect = await bcrypt.compare(\n        dataToDecrypt,\n        dataBaseHash\n      );\n      return isPasswordCorrect;\n    } catch (err) {\n      return Error(\"An error occurred while comparing the data sent\");\n    }\n  }\n}\nexport default CryptData;\n"]},"_coverageSchema":"1a1c01bbd47fc00a2c39e90264f33305004495a9","hash":"085082afbcdd4228711b8167f292ba236fd98eab","contentHash":"e8882527bda0ce26c4880e7cf49d32be59ee8f221e6200a268414394b42b9f9b"},"/home/chrismeeky/Desktop/arca_back/src/middlewares/index.js":{"path":"/home/chrismeeky/Desktop/arca_back/src/middlewares/index.js","statementMap":{"0":{"start":{"line":3,"column":29},"end":{"line":3,"column":84}},"1":{"start":{"line":5,"column":0},"end":{"line":7,"column":3}},"2":{"start":{"line":8,"column":0},"end":{"line":13,"column":3}},"3":{"start":{"line":11,"column":4},"end":{"line":11,"column":37}},"4":{"start":{"line":15,"column":21},"end":{"line":15,"column":71}}},"fnMap":{"0":{"name":"get","decl":{"start":{"line":10,"column":16},"end":{"line":10,"column":19}},"loc":{"start":{"line":10,"column":22},"end":{"line":12,"column":3}},"line":10}},"branchMap":{},"s":{"0":1,"1":1,"2":1,"3":3,"4":1},"f":{"0":3},"b":{},"inputSourceMap":{"version":3,"sources":["index.js"],"names":[],"mappings":";;;;;;;;;;;;;;AACA","sourceRoot":"/home/chrismeeky/Desktop/arca_back/src/middlewares/","sourcesContent":["/* eslint-disable import/prefer-default-export */\nimport Authorization from './authorization';\n\nexport { Authorization, };\n"]},"_coverageSchema":"1a1c01bbd47fc00a2c39e90264f33305004495a9","hash":"63c7c67e15f4a1fd1d85f1c37706d8ee39c1bc8c","contentHash":"387048e9d191d52a5c97e7f84169d243952e198b6cbc8676ddf7de8740f3cb54"},"/home/chrismeeky/Desktop/arca_back/src/middlewares/authorization.js":{"path":"/home/chrismeeky/Desktop/arca_back/src/middlewares/authorization.js","statementMap":{"0":{"start":{"line":3,"column":29},"end":{"line":3,"column":84}},"1":{"start":{"line":5,"column":0},"end":{"line":7,"column":3}},"2":{"start":{"line":8,"column":0},"end":{"line":8,"column":28}},"3":{"start":{"line":10,"column":19},"end":{"line":10,"column":80}},"4":{"start":{"line":12,"column":25},"end":{"line":12,"column":99}},"5":{"start":{"line":14,"column":23},"end":{"line":14,"column":95}},"6":{"start":{"line":16,"column":20},"end":{"line":16,"column":89}},"7":{"start":{"line":18,"column":13},"end":{"line":18,"column":32}},"8":{"start":{"line":25,"column":33},"end":{"line":94,"column":3}},"9":{"start":{"line":27,"column":4},"end":{"line":27,"column":58}},"10":{"start":{"line":30,"column":2},"end":{"line":92,"column":6}},"11":{"start":{"line":45,"column":24},"end":{"line":84,"column":9}},"12":{"start":{"line":47,"column":8},"end":{"line":83,"column":20}},"13":{"start":{"line":48,"column":10},"end":{"line":82,"column":11}},"14":{"start":{"line":49,"column":12},"end":{"line":81,"column":13}},"15":{"start":{"line":51,"column":16},"end":{"line":51,"column":91}},"16":{"start":{"line":53,"column":16},"end":{"line":56,"column":17}},"17":{"start":{"line":54,"column":18},"end":{"line":54,"column":36}},"18":{"start":{"line":55,"column":18},"end":{"line":55,"column":24}},"19":{"start":{"line":58,"column":16},"end":{"line":58,"column":116}},"20":{"start":{"line":61,"column":16},"end":{"line":61,"column":34}},"21":{"start":{"line":62,"column":16},"end":{"line":62,"column":64}},"22":{"start":{"line":65,"column":16},"end":{"line":65,"column":46}},"23":{"start":{"line":67,"column":16},"end":{"line":70,"column":17}},"24":{"start":{"line":68,"column":18},"end":{"line":68,"column":36}},"25":{"start":{"line":69,"column":18},"end":{"line":69,"column":24}},"26":{"start":{"line":72,"column":16},"end":{"line":72,"column":116}},"27":{"start":{"line":75,"column":16},"end":{"line":75,"column":44}},"28":{"start":{"line":76,"column":16},"end":{"line":76,"column":23}},"29":{"start":{"line":80,"column":16},"end":{"line":80,"column":39}},"30":{"start":{"line":87,"column":8},"end":{"line":87,"column":50}},"31":{"start":{"line":90,"column":6},"end":{"line":90,"column":24}},"32":{"start":{"line":93,"column":2},"end":{"line":93,"column":23}},"33":{"start":{"line":96,"column":15},"end":{"line":96,"column":28}},"34":{"start":{"line":97,"column":0},"end":{"line":97,"column":30}}},"fnMap":{"0":{"name":"(anonymous_0)","decl":{"start":{"line":25,"column":33},"end":{"line":25,"column":34}},"loc":{"start":{"line":25,"column":45},"end":{"line":94,"column":1}},"line":25},"1":{"name":"Authorization","decl":{"start":{"line":26,"column":11},"end":{"line":26,"column":24}},"loc":{"start":{"line":26,"column":27},"end":{"line":28,"column":3}},"line":26},"2":{"name":"(anonymous_2)","decl":{"start":{"line":44,"column":11},"end":{"line":44,"column":12}},"loc":{"start":{"line":44,"column":23},"end":{"line":91,"column":5}},"line":44},"3":{"name":"_callee","decl":{"start":{"line":45,"column":111},"end":{"line":45,"column":118}},"loc":{"start":{"line":45,"column":135},"end":{"line":84,"column":7}},"line":45},"4":{"name":"_callee$","decl":{"start":{"line":47,"column":53},"end":{"line":47,"column":61}},"loc":{"start":{"line":47,"column":72},"end":{"line":83,"column":9}},"line":47},"5":{"name":"checkToken","decl":{"start":{"line":86,"column":15},"end":{"line":86,"column":25}},"loc":{"start":{"line":86,"column":40},"end":{"line":88,"column":7}},"line":86}},"branchMap":{"0":{"loc":{"start":{"line":49,"column":12},"end":{"line":81,"column":13}},"type":"switch","locations":[{"start":{"line":50,"column":14},"end":{"line":58,"column":116}},{"start":{"line":60,"column":14},"end":{"line":62,"column":64}},{"start":{"line":64,"column":14},"end":{"line":72,"column":116}},{"start":{"line":74,"column":14},"end":{"line":76,"column":23}},{"start":{"line":78,"column":14},"end":{"line":78,"column":22}},{"start":{"line":79,"column":14},"end":{"line":80,"column":39}}],"line":49},"1":{"loc":{"start":{"line":51,"column":24},"end":{"line":51,"column":90}},"type":"binary-expr","locations":[{"start":{"line":51,"column":24},"end":{"line":51,"column":53}},{"start":{"line":51,"column":57},"end":{"line":51,"column":72}},{"start":{"line":51,"column":76},"end":{"line":51,"column":90}}],"line":51},"2":{"loc":{"start":{"line":53,"column":16},"end":{"line":56,"column":17}},"type":"if","locations":[{"start":{"line":53,"column":16},"end":{"line":56,"column":17}},{"start":{"line":53,"column":16},"end":{"line":56,"column":17}}],"line":53},"3":{"loc":{"start":{"line":67,"column":16},"end":{"line":70,"column":17}},"type":"if","locations":[{"start":{"line":67,"column":16},"end":{"line":70,"column":17}},{"start":{"line":67,"column":16},"end":{"line":70,"column":17}}],"line":67}},"s":{"0":1,"1":1,"2":1,"3":1,"4":1,"5":1,"6":1,"7":1,"8":1,"9":0,"10":1,"11":1,"12":2,"13":4,"14":8,"15":2,"16":2,"17":2,"18":2,"19":0,"20":2,"21":2,"22":2,"23":2,"24":2,"25":2,"26":0,"27":2,"28":2,"29":2,"30":2,"31":1,"32":1,"33":1,"34":1},"f":{"0":1,"1":0,"2":1,"3":2,"4":4,"5":2},"b":{"0":[2,2,2,2,2,2],"1":[2,2,1],"2":[2,0],"3":[2,0]},"inputSourceMap":{"version":3,"sources":["authorization.js"],"names":["Authorization","req","res","next","token","headers","query","body","HelperMethods","clientError","Authentication","verifyToken","verifiedToken","success","decoded"],"mappings":";;;;;;;;;;;;;;;;;AAAA;;AAEA;AACA;AACA;AACA;AACA;IACMA,a;;;;;;;;AACJ;AACF;AACA;AACA;AACA;AACA;AACA;AACA;AACA;AACA;AACA;;uHAC0BC,G,EAAKC,G,EAAKC,I;;;;;;AAC1BC,gBAAAA,K,GAAQH,GAAG,CAACI,OAAJ,CAAY,gBAAZ,KAAiCJ,GAAG,CAACK,KAAJ,CAAUF,KAA3C,IAAoDH,GAAG,CAACM,IAAJ,CAASH,K;;oBACtEA,K;;;;;iDAAcI,qBAAcC,WAAd,CAA0BP,GAA1B,EAA+B,qBAA/B,EAAsD,GAAtD,C;;;;uBACSQ,sBAAeC,WAAf,CAA2BP,KAA3B,C;;;AAAtBQ,gBAAAA,a;;oBACDA,aAAa,CAACC,O;;;;;iDACVL,qBAAcC,WAAd,CAA0BP,GAA1B,EAA+B,qBAA/B,EAAsD,GAAtD,C;;;AAETD,gBAAAA,GAAG,CAACa,OAAJ,GAAcF,aAAd;AACAT,gBAAAA,IAAI;;;;;;;;;;;;;;;;;;;;eAKOH,a","sourceRoot":"/home/chrismeeky/Desktop/arca_back/src/middlewares/","sourcesContent":["import { Authentication, HelperMethods } from '../utils';\n\n/**\n * Class representing the Authentication methods\n * @class Authorization\n * @description Authenticate protected routes\n */\nclass Authorization {\n  /**\n   *\n   * @param {object} req - Request object\n   * @param {object} res - Response object\n   * @param {callback} next - The callback that passes the request\n   * to the next handler\n   * @returns {callback} next - The callback that passes the request\n   * to the next handler\n   * @returns {object} res - Response object containing an error due\n   * to invalid token or no token in the request\n   */\n  static async checkToken(req, res, next) {\n    const token = req.headers['x-access-token'] || req.query.token || req.body.token;\n    if (!token) return HelperMethods.clientError(res, 'User not authorized', 401);\n    const verifiedToken = await Authentication.verifyToken(token);\n    if (!verifiedToken.success) {\n      return HelperMethods.clientError(res, 'User not authorized', 401);\n    }\n    req.decoded = verifiedToken;\n    next();\n  }\n\n}\n\nexport default Authorization;\n"]},"_coverageSchema":"1a1c01bbd47fc00a2c39e90264f33305004495a9","hash":"efe62d2caffffc1357df8b0b6a966c00238b9811","contentHash":"d6744ec2778e3c53db52437f15318e08c2567d3c4ad67ae323e6c013fc56f554"},"/home/chrismeeky/Desktop/arca_back/src/test/integrationTests/index.js":{"path":"/home/chrismeeky/Desktop/arca_back/src/test/integrationTests/index.js","statementMap":{"0":{"start":{"line":3,"column":0},"end":{"line":3,"column":33}},"1":{"start":{"line":5,"column":0},"end":{"line":5,"column":32}}},"fnMap":{},"branchMap":{},"s":{"0":1,"1":1},"f":{},"b":{},"inputSourceMap":{"version":3,"sources":["index.js"],"names":[],"mappings":";;AAAA;;AAEA","sourceRoot":"/home/chrismeeky/Desktop/arca_back/src/test/integrationTests/","sourcesContent":["import './userController.test';\n\nimport \"./businessController\"\n"]},"_coverageSchema":"1a1c01bbd47fc00a2c39e90264f33305004495a9","hash":"2dc65491d9cdbbdb98ab722ce61207605a071cf8","contentHash":"4513a0181bdd9d4908523cb6a1cc58dac795c2efa06b67c5820fd1269a093e44"},"/home/chrismeeky/Desktop/arca_back/src/index.js":{"path":"/home/chrismeeky/Desktop/arca_back/src/index.js","statementMap":{"0":{"start":{"line":3,"column":29},"end":{"line":3,"column":84}},"1":{"start":{"line":5,"column":0},"end":{"line":7,"column":3}},"2":{"start":{"line":8,"column":0},"end":{"line":8,"column":28}},"3":{"start":{"line":10,"column":0},"end":{"line":10,"column":25}},"4":{"start":{"line":12,"column":15},"end":{"line":12,"column":57}},"5":{"start":{"line":14,"column":18},"end":{"line":14,"column":64}},"6":{"start":{"line":16,"column":12},"end":{"line":16,"column":51}},"7":{"start":{"line":18,"column":0},"end":{"line":18,"column":29}},"8":{"start":{"line":20,"column":14},"end":{"line":20,"column":57}},"9":{"start":{"line":22,"column":10},"end":{"line":22,"column":36}},"10":{"start":{"line":23,"column":0},"end":{"line":23,"column":39}},"11":{"start":{"line":24,"column":0},"end":{"line":26,"column":4}},"12":{"start":{"line":27,"column":0},"end":{"line":27,"column":33}},"13":{"start":{"line":28,"column":0},"end":{"line":28,"column":29}},"14":{"start":{"line":29,"column":0},"end":{"line":34,"column":3}},"15":{"start":{"line":30,"column":2},"end":{"line":33,"column":5}},"16":{"start":{"line":35,"column":11},"end":{"line":35,"column":35}},"17":{"start":{"line":36,"column":0},"end":{"line":36,"column":71}},"18":{"start":{"line":37,"column":15},"end":{"line":37,"column":18}},"19":{"start":{"line":38,"column":0},"end":{"line":38,"column":30}}},"fnMap":{"0":{"name":"(anonymous_0)","decl":{"start":{"line":29,"column":13},"end":{"line":29,"column":14}},"loc":{"start":{"line":29,"column":33},"end":{"line":34,"column":1}},"line":29}},"branchMap":{"0":{"loc":{"start":{"line":35,"column":11},"end":{"line":35,"column":35}},"type":"binary-expr","locations":[{"start":{"line":35,"column":11},"end":{"line":35,"column":27}},{"start":{"line":35,"column":31},"end":{"line":35,"column":35}}],"line":35}},"s":{"0":1,"1":1,"2":1,"3":1,"4":1,"5":1,"6":1,"7":1,"8":1,"9":1,"10":1,"11":1,"12":1,"13":1,"14":1,"15":1,"16":1,"17":1,"18":1,"19":1},"f":{"0":1},"b":{"0":[1,0]},"inputSourceMap":{"version":3,"sources":["index.js"],"names":["app","use","bodyParser","json","urlencoded","extended","all","req","res","status","success","message","PORT","process","env","listen","console","info"],"mappings":";;;;;;;;;AAAA;;AACA;;AACA;;AACA;;AACA;;AACA;;AAEA,IAAMA,GAAG,GAAG,0BAAZ;AAEAA,GAAG,CAACC,GAAJ,CAAQC,uBAAWC,IAAX,EAAR;AACAH,GAAG,CAACC,GAAJ,CAAQC,uBAAWE,UAAX,CAAsB;AAAEC,EAAAA,QAAQ,EAAE;AAAZ,CAAtB,CAAR;AACAL,GAAG,CAACC,GAAJ,CAAQ,uBAAR;AACA,wBAAOD,GAAP;AAGAA,GAAG,CAACM,GAAJ,CAAQ,GAAR,EAAa,UAACC,GAAD,EAAMC,GAAN;AAAA,SAAcA,GAAG,CAACC,MAAJ,CAAW,GAAX,EAAgBN,IAAhB,CAAqB;AAC9CO,IAAAA,OAAO,EAAE,KADqC;AAE9CC,IAAAA,OAAO,EAAE;AAFqC,GAArB,CAAd;AAAA,CAAb;AAKA,IAAMC,IAAI,GAAGC,OAAO,CAACC,GAAR,CAAYF,IAAZ,IAAoB,IAAjC;AACAZ,GAAG,CAACe,MAAJ,CAAWH,IAAX,EAAiBI,OAAO,CAACC,IAAR,kCAAuCL,IAAvC,EAAjB;eAEeZ,G","sourceRoot":"/home/chrismeeky/Desktop/arca_back/src/","sourcesContent":["import 'dotenv/config';\nimport express from 'express';\nimport bodyParser from 'body-parser';\nimport cors from 'cors';\nimport './config/mongoose';\nimport routes from './routes';\n\nconst app = express();\n\napp.use(bodyParser.json());\napp.use(bodyParser.urlencoded({ extended: true }));\napp.use(cors());\nroutes(app);\n\n\napp.all('*', (req, res) => res.status(404).json({\n  success: false,\n  message: 'You are on arca NIG LTD but it looks like The page you are looking for does not exist'\n}));\n\nconst PORT = process.env.PORT || 2000;\napp.listen(PORT, console.info(`server started on port ${PORT}`));\n\nexport default app;\n"]},"_coverageSchema":"1a1c01bbd47fc00a2c39e90264f33305004495a9","hash":"ff3282097139c107c6bb61ef22bce17be7a10145","contentHash":"ea89bd52c630adfdbfc1a84c55d11e5101f4d86503533ddd17b5a643ce5b6867"},"/home/chrismeeky/Desktop/arca_back/src/config/mongoose.js":{"path":"/home/chrismeeky/Desktop/arca_back/src/config/mongoose.js","statementMap":{"0":{"start":{"line":3,"column":29},"end":{"line":3,"column":84}},"1":{"start":{"line":5,"column":0},"end":{"line":7,"column":3}},"2":{"start":{"line":8,"column":0},"end":{"line":8,"column":28}},"3":{"start":{"line":10,"column":19},"end":{"line":10,"column":80}},"4":{"start":{"line":12,"column":25},"end":{"line":12,"column":99}},"5":{"start":{"line":14,"column":16},"end":{"line":14,"column":59}},"6":{"start":{"line":16,"column":35},"end":{"line":58,"column":3}},"7":{"start":{"line":17,"column":13},"end":{"line":53,"column":5}},"8":{"start":{"line":19,"column":4},"end":{"line":52,"column":32}},"9":{"start":{"line":20,"column":6},"end":{"line":51,"column":7}},"10":{"start":{"line":21,"column":8},"end":{"line":50,"column":9}},"11":{"start":{"line":23,"column":12},"end":{"line":23,"column":135}},"12":{"start":{"line":24,"column":12},"end":{"line":24,"column":30}},"13":{"start":{"line":25,"column":12},"end":{"line":25,"column":30}},"14":{"start":{"line":26,"column":12},"end":{"line":30,"column":15}},"15":{"start":{"line":33,"column":12},"end":{"line":33,"column":38}},"16":{"start":{"line":35,"column":12},"end":{"line":37,"column":13}},"17":{"start":{"line":36,"column":14},"end":{"line":36,"column":62}},"18":{"start":{"line":39,"column":12},"end":{"line":39,"column":31}},"19":{"start":{"line":40,"column":12},"end":{"line":40,"column":18}},"20":{"start":{"line":43,"column":12},"end":{"line":43,"column":30}},"21":{"start":{"line":44,"column":12},"end":{"line":44,"column":47}},"22":{"start":{"line":45,"column":12},"end":{"line":45,"column":38}},"23":{"start":{"line":49,"column":12},"end":{"line":49,"column":35}},"24":{"start":{"line":55,"column":2},"end":{"line":57,"column":4}},"25":{"start":{"line":56,"column":4},"end":{"line":56,"column":39}},"26":{"start":{"line":60,"column":15},"end":{"line":60,"column":32}},"27":{"start":{"line":62,"column":0},"end":{"line":62,"column":30}}},"fnMap":{"0":{"name":"(anonymous_0)","decl":{"start":{"line":16,"column":35},"end":{"line":16,"column":36}},"loc":{"start":{"line":16,"column":47},"end":{"line":58,"column":1}},"line":16},"1":{"name":"_callee","decl":{"start":{"line":17,"column":100},"end":{"line":17,"column":107}},"loc":{"start":{"line":17,"column":110},"end":{"line":53,"column":3}},"line":17},"2":{"name":"_callee$","decl":{"start":{"line":19,"column":49},"end":{"line":19,"column":57}},"loc":{"start":{"line":19,"column":68},"end":{"line":52,"column":5}},"line":19},"3":{"name":"connectDatabase","decl":{"start":{"line":55,"column":18},"end":{"line":55,"column":33}},"loc":{"start":{"line":55,"column":36},"end":{"line":57,"column":3}},"line":55}},"branchMap":{"0":{"loc":{"start":{"line":21,"column":8},"end":{"line":50,"column":9}},"type":"switch","locations":[{"start":{"line":22,"column":10},"end":{"line":30,"column":15}},{"start":{"line":32,"column":10},"end":{"line":40,"column":18}},{"start":{"line":42,"column":10},"end":{"line":45,"column":38}},{"start":{"line":47,"column":10},"end":{"line":47,"column":18}},{"start":{"line":48,"column":10},"end":{"line":49,"column":35}}],"line":21},"1":{"loc":{"start":{"line":23,"column":31},"end":{"line":23,"column":134}},"type":"cond-expr","locations":[{"start":{"line":23,"column":72},"end":{"line":23,"column":105}},{"start":{"line":23,"column":108},"end":{"line":23,"column":134}}],"line":23},"2":{"loc":{"start":{"line":35,"column":12},"end":{"line":37,"column":13}},"type":"if","locations":[{"start":{"line":35,"column":12},"end":{"line":37,"column":13}},{"start":{"line":35,"column":12},"end":{"line":37,"column":13}}],"line":35}},"s":{"0":1,"1":1,"2":1,"3":1,"4":1,"5":1,"6":1,"7":1,"8":1,"9":2,"10":3,"11":1,"12":1,"13":1,"14":1,"15":1,"16":1,"17":1,"18":1,"19":1,"20":0,"21":0,"22":0,"23":1,"24":1,"25":1,"26":1,"27":1},"f":{"0":1,"1":1,"2":2,"3":1},"b":{"0":[1,1,0,1,1],"1":[0,1],"2":[1,0]},"inputSourceMap":{"version":3,"sources":["mongoose.js"],"names":["connectDatabase","connectionString","process","env","NODE_ENV","DB_STRING_DEVELOPMENT","DB_STRING_TEST","mongoose","connect","useNewUrlParser","useUnifiedTopology","useCreateIndex","connected","console","info"],"mappings":";;;;;;;;;;;;;AAAA;;AAEA,IAAMA,eAAe;AAAA,2FAAG;AAAA;AAAA;AAAA;AAAA;AAAA;AAChBC,YAAAA,gBADgB,GACGC,OAAO,CAACC,GAAR,CAAYC,QAAZ,KAAyB,aAAzB,GACrBF,OAAO,CAACC,GAAR,CAAYE,qBADS,GACeH,OAAO,CAACC,GAAR,CAAYG,cAF9B;AAAA;AAAA;AAAA,mBAIIC,qBAASC,OAAT,CAAiBP,gBAAjB,EACtB;AACEQ,cAAAA,eAAe,EAAE,IADnB;AAEEC,cAAAA,kBAAkB,EAAE,IAFtB;AAGEC,cAAAA,cAAc,EAAE;AAHlB,aADsB,CAJJ;;AAAA;AAIdC,YAAAA,SAJc;;AAUpB,gBAAIA,SAAJ,EAAe;AACbC,cAAAA,OAAO,CAACC,IAAR,CAAa,iCAAb;AACD;;AAZmB;AAAA;;AAAA;AAAA;AAAA;AAcpBD,YAAAA,OAAO,CAACC,IAAR;;AAdoB;AAAA;AAAA;AAAA;AAAA;AAAA;AAAA,GAAH;;AAAA,kBAAfd,eAAe;AAAA;AAAA;AAAA,GAArB;;eAkBeA,eAAe,E","sourceRoot":"/home/chrismeeky/Desktop/arca_back/src/config/","sourcesContent":["import mongoose from 'mongoose';\n\nconst connectDatabase = async () => {\n  const connectionString = process.env.NODE_ENV === 'development'\n    ? process.env.DB_STRING_DEVELOPMENT : process.env.DB_STRING_TEST;\n  try {\n    const connected = await mongoose.connect(connectionString,\n      {\n        useNewUrlParser: true,\n        useUnifiedTopology: true,\n        useCreateIndex: true\n      });\n    if (connected) {\n      console.info('connection has been established');\n    }\n  } catch (error) {\n    console.info(error);\n  }\n};\n\nexport default connectDatabase();\n"]},"_coverageSchema":"1a1c01bbd47fc00a2c39e90264f33305004495a9","hash":"44bf3f148c81fb4fa7a9e9da2eae1c4496dca14d","contentHash":"2d68d026b2e6009b8867c6afd3826a03ede944654e21bcd088da83d17e88ad13"},"/home/chrismeeky/Desktop/arca_back/src/routes/index.js":{"path":"/home/chrismeeky/Desktop/arca_back/src/routes/index.js","statementMap":{"0":{"start":{"line":3,"column":29},"end":{"line":3,"column":84}},"1":{"start":{"line":5,"column":0},"end":{"line":7,"column":3}},"2":{"start":{"line":8,"column":0},"end":{"line":8,"column":28}},"3":{"start":{"line":10,"column":17},"end":{"line":10,"column":63}},"4":{"start":{"line":12,"column":21},"end":{"line":12,"column":71}},"5":{"start":{"line":14,"column":19},"end":{"line":14,"column":67}},"6":{"start":{"line":16,"column":13},"end":{"line":20,"column":1}},"7":{"start":{"line":17,"column":2},"end":{"line":17,"column":34}},"8":{"start":{"line":18,"column":2},"end":{"line":18,"column":38}},"9":{"start":{"line":19,"column":2},"end":{"line":19,"column":36}},"10":{"start":{"line":22,"column":15},"end":{"line":22,"column":21}},"11":{"start":{"line":23,"column":0},"end":{"line":23,"column":30}}},"fnMap":{"0":{"name":"routes","decl":{"start":{"line":16,"column":22},"end":{"line":16,"column":28}},"loc":{"start":{"line":16,"column":34},"end":{"line":20,"column":1}},"line":16}},"branchMap":{},"s":{"0":1,"1":1,"2":1,"3":1,"4":1,"5":1,"6":1,"7":1,"8":1,"9":1,"10":1,"11":1},"f":{"0":1},"b":{},"inputSourceMap":{"version":3,"sources":["index.js"],"names":["routes","app"],"mappings":";;;;;;;;;AAAA;;AACA;;AACA;;AACA,IAAMA,MAAM,GAAG,SAATA,MAAS,CAACC,GAAD,EAAS;AACtB,6BAAUA,GAAV;AACA,iCAAcA,GAAd;AACA,+BAAYA,GAAZ;AACD,CAJD;;eAKeD,M","sourceRoot":"/home/chrismeeky/Desktop/arca_back/src/routes/","sourcesContent":["import authRoute from \"./authRoute\";\nimport businessRoute from \"./businessRoute\"\nimport reviewRoute from \"./reviewRoute\"\nconst routes = (app) => {\n  authRoute(app);\n  businessRoute(app)\n  reviewRoute(app)\n};\nexport default routes;\n"]},"_coverageSchema":"1a1c01bbd47fc00a2c39e90264f33305004495a9","hash":"ef19a1e24d3a5a57833cce58de7b21e2244ebb5c","contentHash":"c06b1c725682f3c32ce80907826562b1819a3c20db6aac51a546036217af43dd"},"/home/chrismeeky/Desktop/arca_back/src/routes/authRoute.js":{"path":"/home/chrismeeky/Desktop/arca_back/src/routes/authRoute.js","statementMap":{"0":{"start":{"line":3,"column":29},"end":{"line":3,"column":84}},"1":{"start":{"line":5,"column":0},"end":{"line":7,"column":3}},"2":{"start":{"line":8,"column":0},"end":{"line":8,"column":28}},"3":{"start":{"line":10,"column":19},"end":{"line":10,"column":44}},"4":{"start":{"line":12,"column":18},"end":{"line":12,"column":66}},"5":{"start":{"line":14,"column":19},"end":{"line":14,"column":44}},"6":{"start":{"line":16,"column":17},"end":{"line":20,"column":1}},"7":{"start":{"line":17,"column":2},"end":{"line":17,"column":112}},"8":{"start":{"line":18,"column":2},"end":{"line":18,"column":110}},"9":{"start":{"line":19,"column":2},"end":{"line":19,"column":119}},"10":{"start":{"line":22,"column":15},"end":{"line":22,"column":25}},"11":{"start":{"line":23,"column":0},"end":{"line":23,"column":30}}},"fnMap":{"0":{"name":"authRoutes","decl":{"start":{"line":16,"column":26},"end":{"line":16,"column":36}},"loc":{"start":{"line":16,"column":42},"end":{"line":20,"column":1}},"line":16}},"branchMap":{},"s":{"0":1,"1":1,"2":1,"3":1,"4":1,"5":1,"6":1,"7":1,"8":1,"9":1,"10":1,"11":1},"f":{"0":1},"b":{},"inputSourceMap":{"version":3,"sources":["authRoute.js"],"names":["authRoutes","app","post","Validate","validateUserInput","UserController","signUp","validateUserLogin","login","get","Authorization","checkToken","verifyEmail"],"mappings":";;;;;;;;;AAAA;;AACA;;AACA;;AAEA,IAAMA,UAAU,GAAG,SAAbA,UAAa,CAAAC,GAAG,EAAI;AACxBA,EAAAA,GAAG,CAACC,IAAJ,CACE,qBADF,EAEEC,uBAASC,iBAFX,EAGEC,4BAAeC,MAHjB;AAKAL,EAAAA,GAAG,CAACC,IAAJ,CACE,oBADF,EAEEC,uBAASI,iBAFX,EAGEF,4BAAeG,KAHjB;AAKAP,EAAAA,GAAG,CAACQ,GAAJ,CACE,2BADF,EAEEC,2BAAcC,UAFhB,EAGEN,4BAAeO,WAHjB;AAMD,CAjBD;;eAmBeZ,U","sourceRoot":"/home/chrismeeky/Desktop/arca_back/src/routes/","sourcesContent":["import { UserController } from '../controllers';\nimport Validate from '../validation';\nimport { Authorization } from '../middlewares';\n\nconst authRoutes = app => {\n  app.post(\n    '/api/v1/auth/signup',\n    Validate.validateUserInput,\n    UserController.signUp,\n  );\n  app.post(\n    '/api/v1/auth/login',\n    Validate.validateUserLogin,\n    UserController.login,\n  );\n  app.get(\n    '/api/v1/auth/verify_email',\n    Authorization.checkToken,\n    UserController.verifyEmail,\n  );\n \n};\n\nexport default authRoutes;\n"]},"_coverageSchema":"1a1c01bbd47fc00a2c39e90264f33305004495a9","hash":"4c38813ef7f9f1f4b1e8946e0ed09e09a63bad0e","contentHash":"12198b8050cbc203bf28e42f66c2a5b8dd2e8f0d14aa98989022fa53102e585a"},"/home/chrismeeky/Desktop/arca_back/src/controllers/index.js":{"path":"/home/chrismeeky/Desktop/arca_back/src/controllers/index.js","statementMap":{"0":{"start":{"line":3,"column":29},"end":{"line":3,"column":84}},"1":{"start":{"line":5,"column":0},"end":{"line":7,"column":3}},"2":{"start":{"line":8,"column":0},"end":{"line":13,"column":3}},"3":{"start":{"line":11,"column":4},"end":{"line":11,"column":38}},"4":{"start":{"line":14,"column":0},"end":{"line":19,"column":3}},"5":{"start":{"line":17,"column":4},"end":{"line":17,"column":44}},"6":{"start":{"line":21,"column":22},"end":{"line":21,"column":73}},"7":{"start":{"line":23,"column":28},"end":{"line":23,"column":85}}},"fnMap":{"0":{"name":"get","decl":{"start":{"line":10,"column":16},"end":{"line":10,"column":19}},"loc":{"start":{"line":10,"column":22},"end":{"line":12,"column":3}},"line":10},"1":{"name":"get","decl":{"start":{"line":16,"column":16},"end":{"line":16,"column":19}},"loc":{"start":{"line":16,"column":22},"end":{"line":18,"column":3}},"line":16}},"branchMap":{},"s":{"0":1,"1":1,"2":1,"3":5,"4":1,"5":0,"6":1,"7":1},"f":{"0":5,"1":0},"b":{},"inputSourceMap":{"version":3,"sources":["index.js"],"names":[],"mappings":";;;;;;;;;;;;;;;;;;;;AAAA;;AACA","sourceRoot":"/home/chrismeeky/Desktop/arca_back/src/controllers/","sourcesContent":["import UserController from \"./UserController\";\nimport BusinessesController from \"./BusinessesController\";\nexport { UserController, BusinessesController };\n"]},"_coverageSchema":"1a1c01bbd47fc00a2c39e90264f33305004495a9","hash":"2c885190c8d2d52bf09f431ed08ac9500420903f","contentHash":"02541ef6ad0bdb8097a7e56af9ee500c64cf1843525c13197b06d5975653a0fe"},"/home/chrismeeky/Desktop/arca_back/src/controllers/UserController.js":{"path":"/home/chrismeeky/Desktop/arca_back/src/controllers/UserController.js","statementMap":{"0":{"start":{"line":3,"column":29},"end":{"line":3,"column":84}},"1":{"start":{"line":5,"column":0},"end":{"line":7,"column":3}},"2":{"start":{"line":8,"column":0},"end":{"line":8,"column":28}},"3":{"start":{"line":10,"column":19},"end":{"line":10,"column":80}},"4":{"start":{"line":12,"column":25},"end":{"line":12,"column":99}},"5":{"start":{"line":14,"column":23},"end":{"line":14,"column":95}},"6":{"start":{"line":16,"column":20},"end":{"line":16,"column":89}},"7":{"start":{"line":18,"column":14},"end":{"line":18,"column":34}},"8":{"start":{"line":20,"column":13},"end":{"line":20,"column":32}},"9":{"start":{"line":27,"column":34},"end":{"line":418,"column":3}},"10":{"start":{"line":29,"column":4},"end":{"line":29,"column":59}},"11":{"start":{"line":32,"column":2},"end":{"line":416,"column":6}},"12":{"start":{"line":43,"column":37},"end":{"line":73,"column":9}},"13":{"start":{"line":45,"column":8},"end":{"line":72,"column":20}},"14":{"start":{"line":46,"column":10},"end":{"line":71,"column":11}},"15":{"start":{"line":47,"column":12},"end":{"line":70,"column":13}},"16":{"start":{"line":49,"column":16},"end":{"line":49,"column":34}},"17":{"start":{"line":50,"column":16},"end":{"line":50,"column":71}},"18":{"start":{"line":53,"column":16},"end":{"line":53,"column":45}},"19":{"start":{"line":55,"column":16},"end":{"line":58,"column":17}},"20":{"start":{"line":56,"column":18},"end":{"line":56,"column":36}},"21":{"start":{"line":57,"column":18},"end":{"line":57,"column":24}},"22":{"start":{"line":60,"column":16},"end":{"line":60,"column":34}},"23":{"start":{"line":61,"column":16},"end":{"line":61,"column":104}},"24":{"start":{"line":64,"column":16},"end":{"line":64,"column":44}},"25":{"start":{"line":65,"column":16},"end":{"line":65,"column":62}},"26":{"start":{"line":69,"column":16},"end":{"line":69,"column":39}},"27":{"start":{"line":76,"column":8},"end":{"line":76,"column":63}},"28":{"start":{"line":79,"column":6},"end":{"line":79,"column":37}},"29":{"start":{"line":93,"column":20},"end":{"line":204,"column":9}},"30":{"start":{"line":96,"column":8},"end":{"line":203,"column":38}},"31":{"start":{"line":97,"column":10},"end":{"line":202,"column":11}},"32":{"start":{"line":98,"column":12},"end":{"line":201,"column":13}},"33":{"start":{"line":100,"column":16},"end":{"line":100,"column":124}},"34":{"start":{"line":101,"column":16},"end":{"line":101,"column":35}},"35":{"start":{"line":102,"column":16},"end":{"line":102,"column":35}},"36":{"start":{"line":103,"column":16},"end":{"line":105,"column":19}},"37":{"start":{"line":108,"column":16},"end":{"line":108,"column":47}},"38":{"start":{"line":110,"column":16},"end":{"line":113,"column":17}},"39":{"start":{"line":111,"column":18},"end":{"line":111,"column":37}},"40":{"start":{"line":112,"column":18},"end":{"line":112,"column":24}},"41":{"start":{"line":115,"column":16},"end":{"line":115,"column":116}},"42":{"start":{"line":118,"column":16},"end":{"line":118,"column":35}},"43":{"start":{"line":119,"column":16},"end":{"line":121,"column":19}},"44":{"start":{"line":124,"column":16},"end":{"line":124,"column":43}},"45":{"start":{"line":126,"column":16},"end":{"line":129,"column":17}},"46":{"start":{"line":127,"column":18},"end":{"line":127,"column":38}},"47":{"start":{"line":128,"column":18},"end":{"line":128,"column":24}},"48":{"start":{"line":131,"column":16},"end":{"line":134,"column":17}},"49":{"start":{"line":132,"column":18},"end":{"line":132,"column":38}},"50":{"start":{"line":133,"column":18},"end":{"line":133,"column":24}},"51":{"start":{"line":136,"column":16},"end":{"line":136,"column":36}},"52":{"start":{"line":137,"column":16},"end":{"line":137,"column":73}},"53":{"start":{"line":140,"column":16},"end":{"line":140,"column":46}},"54":{"start":{"line":142,"column":16},"end":{"line":145,"column":17}},"55":{"start":{"line":143,"column":18},"end":{"line":143,"column":38}},"56":{"start":{"line":144,"column":18},"end":{"line":144,"column":24}},"57":{"start":{"line":147,"column":16},"end":{"line":149,"column":25}},"58":{"start":{"line":152,"column":16},"end":{"line":152,"column":156}},"59":{"start":{"line":155,"column":16},"end":{"line":157,"column":25}},"60":{"start":{"line":160,"column":16},"end":{"line":160,"column":36}},"61":{"start":{"line":161,"column":16},"end":{"line":161,"column":62}},"62":{"start":{"line":164,"column":16},"end":{"line":164,"column":51}},"63":{"start":{"line":165,"column":16},"end":{"line":165,"column":50}},"64":{"start":{"line":166,"column":16},"end":{"line":166,"column":36}},"65":{"start":{"line":167,"column":16},"end":{"line":167,"column":35}},"66":{"start":{"line":170,"column":16},"end":{"line":170,"column":45}},"67":{"start":{"line":171,"column":16},"end":{"line":171,"column":36}},"68":{"start":{"line":172,"column":16},"end":{"line":172,"column":75}},"69":{"start":{"line":175,"column":16},"end":{"line":175,"column":45}},"70":{"start":{"line":177,"column":16},"end":{"line":180,"column":17}},"71":{"start":{"line":178,"column":18},"end":{"line":178,"column":38}},"72":{"start":{"line":179,"column":18},"end":{"line":179,"column":24}},"73":{"start":{"line":182,"column":16},"end":{"line":185,"column":25}},"74":{"start":{"line":188,"column":16},"end":{"line":188,"column":116}},"75":{"start":{"line":190,"column":16},"end":{"line":190,"column":36}},"76":{"start":{"line":191,"column":16},"end":{"line":191,"column":22}},"77":{"start":{"line":194,"column":16},"end":{"line":194,"column":36}},"78":{"start":{"line":195,"column":16},"end":{"line":195,"column":53}},"79":{"start":{"line":196,"column":16},"end":{"line":196,"column":111}},"80":{"start":{"line":200,"column":16},"end":{"line":200,"column":40}},"81":{"start":{"line":207,"column":8},"end":{"line":207,"column":46}},"82":{"start":{"line":210,"column":6},"end":{"line":210,"column":20}},"83":{"start":{"line":224,"column":25},"end":{"line":300,"column":9}},"84":{"start":{"line":226,"column":8},"end":{"line":299,"column":38}},"85":{"start":{"line":227,"column":10},"end":{"line":298,"column":11}},"86":{"start":{"line":228,"column":12},"end":{"line":297,"column":13}},"87":{"start":{"line":230,"column":16},"end":{"line":230,"column":36}},"88":{"start":{"line":231,"column":16},"end":{"line":231,"column":35}},"89":{"start":{"line":232,"column":16},"end":{"line":232,"column":35}},"90":{"start":{"line":233,"column":16},"end":{"line":235,"column":19}},"91":{"start":{"line":238,"column":16},"end":{"line":238,"column":43}},"92":{"start":{"line":240,"column":16},"end":{"line":243,"column":17}},"93":{"start":{"line":241,"column":18},"end":{"line":241,"column":38}},"94":{"start":{"line":242,"column":18},"end":{"line":242,"column":24}},"95":{"start":{"line":245,"column":16},"end":{"line":245,"column":35}},"96":{"start":{"line":246,"column":16},"end":{"line":252,"column":19}},"97":{"start":{"line":255,"column":16},"end":{"line":255,"column":45}},"98":{"start":{"line":257,"column":16},"end":{"line":260,"column":17}},"99":{"start":{"line":258,"column":18},"end":{"line":258,"column":38}},"100":{"start":{"line":259,"column":18},"end":{"line":259,"column":24}},"101":{"start":{"line":262,"column":16},"end":{"line":262,"column":36}},"102":{"start":{"line":263,"column":16},"end":{"line":263,"column":85}},"103":{"start":{"line":266,"column":16},"end":{"line":266,"column":45}},"104":{"start":{"line":268,"column":16},"end":{"line":271,"column":17}},"105":{"start":{"line":269,"column":18},"end":{"line":269,"column":38}},"106":{"start":{"line":270,"column":18},"end":{"line":270,"column":24}},"107":{"start":{"line":273,"column":16},"end":{"line":273,"column":36}},"108":{"start":{"line":274,"column":16},"end":{"line":274,"column":67}},"109":{"start":{"line":277,"column":16},"end":{"line":277,"column":46}},"110":{"start":{"line":278,"column":16},"end":{"line":284,"column":20}},"111":{"start":{"line":287,"column":16},"end":{"line":287,"column":155}},"112":{"start":{"line":290,"column":16},"end":{"line":290,"column":36}},"113":{"start":{"line":291,"column":16},"end":{"line":291,"column":53}},"114":{"start":{"line":292,"column":16},"end":{"line"
[...]
ecl":{"start":{"line":42,"column":11},"end":{"line":42,"column":12}},"loc":{"start":{"line":42,"column":23},"end":{"line":73,"column":5}},"line":42},"3":{"name":"_callee","decl":{"start":{"line":43,"column":113},"end":{"line":43,"column":120}},"loc":{"start":{"line":43,"column":131},"end":{"line":66,"column":7}},"line":43},"4":{"name":"_callee$","decl":{"start":{"line":45,"column":53},"end":{"line":45,"column":61}},"loc":{"start":{"line":45,"column":72},"end":{"line":65,"column":9}},"line":45},"5":{"name":"createReview","decl":{"start":{"line":68,"column":15},"end":{"line":68,"column":27}},"loc":{"start":{"line":68,"column":37},"end":{"line":70,"column":7}},"line":68},"6":{"name":"(anonymous_6)","decl":{"start":{"line":85,"column":11},"end":{"line":85,"column":12}},"loc":{"start":{"line":85,"column":23},"end":{"line":112,"column":5}},"line":85},"7":{"name":"_callee2","decl":{"start":{"line":86,"column":115},"end":{"line":86,"column":123}},"loc":{"start":{"line":86,"column":134},"end":{"line":105,"column":7}},"line":86},"8":{"name":"_callee2$","decl":{"start":{"line":88,"column":53},"end":{"line":88,"column":62}},"loc":{"start":{"line":88,"column":74},"end":{"line":104,"column":9}},"line":88},"9":{"name":"findAllReviews","decl":{"start":{"line":107,"column":15},"end":{"line":107,"column":29}},"loc":{"start":{"line":107,"column":40},"end":{"line":109,"column":7}},"line":107},"10":{"name":"(anonymous_10)","decl":{"start":{"line":124,"column":11},"end":{"line":124,"column":12}},"loc":{"start":{"line":124,"column":23},"end":{"line":154,"column":5}},"line":124},"11":{"name":"_callee3","decl":{"start":{"line":125,"column":119},"end":{"line":125,"column":127}},"loc":{"start":{"line":125,"column":138},"end":{"line":147,"column":7}},"line":125},"12":{"name":"_callee3$","decl":{"start":{"line":127,"column":53},"end":{"line":127,"column":62}},"loc":{"start":{"line":127,"column":74},"end":{"line":146,"column":9}},"line":127},"13":{"name":"findBusinessReview","decl":{"start":{"line":149,"column":15},"end":{"line":149,"column":33}},"loc":{"start":{"line":149,"column":44},"end":{"line":151,"column":7}},"line":149},"14":{"name":"(anonymous_14)","decl":{"start":{"line":166,"column":11},"end":{"line":166,"column":12}},"loc":{"start":{"line":166,"column":23},"end":{"line":193,"column":5}},"line":166},"15":{"name":"_callee4","decl":{"start":{"line":167,"column":114},"end":{"line":167,"column":122}},"loc":{"start":{"line":167,"column":133},"end":{"line":186,"column":7}},"line":167},"16":{"name":"_callee4$","decl":{"start":{"line":169,"column":53},"end":{"line":169,"column":62}},"loc":{"start":{"line":169,"column":74},"end":{"line":185,"column":9}},"line":169},"17":{"name":"findOneReview","decl":{"start":{"line":188,"column":15},"end":{"line":188,"column":28}},"loc":{"start":{"line":188,"column":39},"end":{"line":190,"column":7}},"line":188},"18":{"name":"(anonymous_18)","decl":{"start":{"line":205,"column":11},"end":{"line":205,"column":12}},"loc":{"start":{"line":205,"column":23},"end":{"line":232,"column":5}},"line":205},"19":{"name":"_callee5","decl":{"start":{"line":206,"column":114},"end":{"line":206,"column":122}},"loc":{"start":{"line":206,"column":133},"end":{"line":225,"column":7}},"line":206},"20":{"name":"_callee5$","decl":{"start":{"line":208,"column":53},"end":{"line":208,"column":62}},"loc":{"start":{"line":208,"column":74},"end":{"line":224,"column":9}},"line":208},"21":{"name":"updateAReview","decl":{"start":{"line":227,"column":15},"end":{"line":227,"column":28}},"loc":{"start":{"line":227,"column":40},"end":{"line":229,"column":7}},"line":227},"22":{"name":"(anonymous_22)","decl":{"start":{"line":244,"column":11},"end":{"line":244,"column":12}},"loc":{"start":{"line":244,"column":23},"end":{"line":271,"column":5}},"line":244},"23":{"name":"_callee6","decl":{"start":{"line":245,"column":113},"end":{"line":245,"column":121}},"loc":{"start":{"line":245,"column":132},"end":{"line":264,"column":7}},"line":245},"24":{"name":"_callee6$","decl":{"start":{"line":247,"column":53},"end":{"line":247,"column":62}},"loc":{"start":{"line":247,"column":74},"end":{"line":263,"column":9}},"line":247},"25":{"name":"deleteReview","decl":{"start":{"line":266,"column":15},"end":{"line":266,"column":27}},"loc":{"start":{"line":266,"column":40},"end":{"line":268,"column":7}},"line":266}},"branchMap":{"0":{"loc":{"start":{"line":47,"column":12},"end":{"line":63,"column":13}},"type":"switch","locations":[{"start":{"line":48,"column":14},"end":{"line":55,"column":55}},{"start":{"line":57,"column":14},"end":{"line":58,"column":64}},{"start":{"line":60,"column":14},"end":{"line":60,"column":21}},{"start":{"line":61,"column":14},"end":{"line":62,"column":39}}],"line":47},"1":{"loc":{"start":{"line":90,"column":12},"end":{"line":102,"column":13}},"type":"switch","locations":[{"start":{"line":91,"column":14},"end":{"line":94,"column":56}},{"start":{"line":96,"column":14},"end":{"line":97,"column":66}},{"start":{"line":99,"column":14},"end":{"line":99,"column":21}},{"start":{"line":100,"column":14},"end":{"line":101,"column":40}}],"line":90},"2":{"loc":{"start":{"line":129,"column":12},"end":{"line":144,"column":13}},"type":"switch","locations":[{"start":{"line":130,"column":14},"end":{"line":136,"column":56}},{"start":{"line":138,"column":14},"end":{"line":139,"column":66}},{"start":{"line":141,"column":14},"end":{"line":141,"column":21}},{"start":{"line":142,"column":14},"end":{"line":143,"column":40}}],"line":129},"3":{"loc":{"start":{"line":171,"column":12},"end":{"line":183,"column":13}},"type":"switch","locations":[{"start":{"line":172,"column":14},"end":{"line":175,"column":56}},{"start":{"line":177,"column":14},"end":{"line":178,"column":66}},{"start":{"line":180,"column":14},"end":{"line":180,"column":21}},{"start":{"line":181,"column":14},"end":{"line":182,"column":40}}],"line":171},"4":{"loc":{"start":{"line":210,"column":12},"end":{"line":222,"column":13}},"type":"switch","locations":[{"start":{"line":211,"column":14},"end":{"line":214,"column":55}},{"start":{"line":216,"column":14},"end":{"line":217,"column":66}},{"start":{"line":219,"column":14},"end":{"line":219,"column":21}},{"start":{"line":220,"column":14},"end":{"line":221,"column":40}}],"line":210},"5":{"loc":{"start":{"line":249,"column":12},"end":{"line":261,"column":13}},"type":"switch","locations":[{"start":{"line":250,"column":14},"end":{"line":253,"column":58}},{"start":{"line":255,"column":14},"end":{"line":256,"column":66}},{"start":{"line":258,"column":14},"end":{"line":258,"column":21}},{"start":{"line":259,"column":14},"end":{"line":260,"column":40}}],"line":249}},"s":{"0":1,"1":1,"2":1,"3":1,"4":1,"5":1,"6":1,"7":1,"8":1,"9":1,"10":0,"11":1,"12":1,"13":0,"14":0,"15":0,"16":0,"17":0,"18":0,"19":0,"20":0,"21":0,"22":1,"23":1,"24":0,"25":0,"26":0,"27":0,"28":0,"29":0,"30":0,"31":0,"32":0,"33":1,"34":1,"35":0,"36":0,"37":0,"38":0,"39":0,"40":0,"41":0,"42":0,"43":0,"44":1,"45":1,"46":0,"47":0,"48":0,"49":0,"50":0,"51":0,"52":0,"53":0,"54":0,"55":1,"56":1,"57":0,"58":0,"59":0,"60":0,"61":0,"62":0,"63":0,"64":0,"65":0,"66":1,"67":1,"68":0,"69":0,"70":0,"71":0,"72":0,"73":0,"74":0,"75":0,"76":0,"77":1,"78":1,"79":1,"80":1},"f":{"0":1,"1":0,"2":1,"3":0,"4":0,"5":0,"6":1,"7":0,"8":0,"9":0,"10":1,"11":0,"12":0,"13":0,"14":1,"15":0,"16":0,"17":0,"18":1,"19":0,"20":0,"21":0,"22":1,"23":0,"24":0,"25":0},"b":{"0":[0,0,0,0],"1":[0,0,0,0],"2":[0,0,0,0],"3":[0,0,0,0],"4":[0,0,0,0],"5":[0,0,0,0]},"inputSourceMap":{"version":3,"sources":["ReviewController.js"],"names":["ReviewController","req","res","crudController","CrudController","Review","business","body","user","customMessage","create","findAll","params","business_id","approved","findOne","update","deleteOne"],"mappings":";;;;;;;;;;;;;;;;;AAAA;;AACA;;AAEA;AACA;AACA;AACA;AACA;IACMA,gB;;;;;;;;AACJ;AACF;AACA;AACA;AACA;AACA;AACA;;yHAC4BC,G,EAAKC,G;;;;;;AACvBC,gBAAAA,c,GAAiB,IAAIC,0BAAJ,CAAmBC,cAAnB,EAA2B,QAA3B,EAAqC;AAC1DC,kBAAAA,QAAQ,EAAEL,GAAG,CAACM,IAAJ,CAASD,QADuC;AAE1DE,kBAAAA,IAAI,EAAEP,GAAG,CAACM,IAAJ,CAASC,IAF2C;AAG1DC,kBAAAA,aAAa,EAAE;AAH2C,iBAArC,C;;uBAKVN,cAAc,CAACO,MAAf,CAAsBT,GAAtB,EAA2BC,GAA3B,C;;;;;;;;;;;;;;;;;;;AAGf;AACF;AACA;AACA;AACA;AACA;AACA;AACA;;;;;4HAC8BD,G,EAAKC,G;;;;;;AACzBC,gBAAAA,c,GAAiB,IAAIC,0BAAJ,CAAmBC,cAAnB,EAA2B,QAA3B,C;;uBACVF,cAAc,CAACQ,OAAf,CAAuBV,GAAvB,EAA4BC,GAA5B,C;;;;;;;;;;;;;;;;;;;AAEf;AACF;AACA;AACA;AACA;AACA;AACA;AACA;;;;;gIACkCD,G,EAAKC,G;;;;;;AAC7BC,gBAAAA,c,GAAiB,IAAIC,0BAAJ,CACrBC,cADqB,EAErB,QAFqB,EAGrB,EAHqB,EAIrB;AAAEC,kBAAAA,QAAQ,EAAEL,GAAG,CAACW,MAAJ,CAAWC,WAAvB;AAAoCC,kBAAAA,QAAQ,EAAE;AAA9C,iBAJqB,C;;uBAMVX,cAAc,CAACQ,OAAf,CAAuBV,GAAvB,EAA4BC,GAA5B,C;;;;;;;;;;;;;;;;;;;AAEf;AACF;AACA;AACA;AACA;AACA;AACA;AACA;;;;;2HAC6BD,G,EAAKC,G;;;;;;AACxBC,gBAAAA,c,GAAiB,IAAIC,0BAAJ,CAAmBC,cAAnB,EAA2B,QAA3B,C;;uBACVF,cAAc,CAACY,OAAf,CAAuBd,GAAvB,EAA4BC,GAA5B,C;;;;;;;;;;;;;;;;;;;AAEf;AACF;AACA;AACA;AACA;AACA;AACA;AACA;;;;;2HAC6BD,G,EAAKC,G;;;;;;AACxBC,gBAAAA,c,GAAiB,IAAIC,0BAAJ,CAAmBC,cAAnB,EAA2B,QAA3B,C;;uBACVF,cAAc,CAACa,MAAf,CAAsBf,GAAtB,EAA2BC,GAA3B,C;;;;;;;;;;;;;;;;;;;AAGf;AACF;AACA;AACA;AACA;AACA;AACA;AACA;;;;;0HAC4BD,G,EAAKC,G;;;;;;AACvBC,gBAAAA,c,GAAiB,IAAIC,0BAAJ,CAAmBC,cAAnB,EAA2B,QAA3B,C;;uBACVF,cAAc,CAACc,SAAf,CAAyBhB,GAAzB,EAA8BC,GAA9B,C;;;;;;;;;;;;;;;;;;;;;;;eAIFF,gB","sourceRoot":"/home/chrismeeky/Desktop/arca_back/src/controllers/","sourcesContent":["import { Review } from \"../models\";\nimport CrudController from \"./CrudController\";\n\n/**\n * Class representing the review controller\n * @class ReviewController\n * @description review controller\n */\nclass ReviewController {\n  /**\n   * Creates a new review\n   * @param {object} req - HTTP Request object\n   * @param {object} res - HTTP Response object\n   * @return {res} res - HTTP Response object\n   * @memberof ReviewController\n   */\n  static async createReview(req, res) {\n    const crudController = new CrudController(Review, \"review\", {\n      business: req.body.business,\n      user: req.body.user,\n      customMessage: \"You have already commented on this business\",\n    });\n    return await crudController.create(req, res);\n  }\n\n  /**\n   * Show all reviews\n   * Route: GET: /reviews\n   * @param {object} req - HTTP Request object\n   * @param {object} res - HTTP Response object\n   * @return {res} res - HTTP Response object\n   * @memberof ReviewController\n   */\n  static async findAllReviews(req, res) {\n    const crudController = new CrudController(Review, \"review\");\n    return await crudController.findAll(req, res);\n  }\n  /**\n   * Find one business\n   * Route: GET: /business/:id\n   * @param {object} req - HTTP Request object\n   * @param {object} res - HTTP Response object\n   * @return {res} res - HTTP Response object\n   * @memberof ReviewController\n   */\n  static async findBusinessReview(req, res) {\n    const crudController = new CrudController(\n      Review,\n      \"review\",\n      {},\n      { business: req.params.business_id, approved: false }\n    );\n    return await crudController.findAll(req, res);\n  }\n  /**\n   * Find one review\n   * Route: GET: /business/:id\n   * @param {object} req - HTTP Request object\n   * @param {object} res - HTTP Response object\n   * @return {res} res - HTTP Response object\n   * @memberof ReviewController\n   */\n  static async findOneReview(req, res) {\n    const crudController = new CrudController(Review, \"review\");\n    return await crudController.findOne(req, res);\n  }\n  /**\n   * Update a review\n   * Route: PATCH: /review/:id\n   * @param {object} req - HTTP Request object\n   * @param {object} res - HTTP Response object\n   * @return {res} res - HTTP Response object\n   * @memberof ReviewController\n   */\n  static async updateAReview(req, res) {\n    const crudController = new CrudController(Review, \"review\");\n    return await crudController.update(req, res);\n  }\n\n  /**\n   * Delete a review\n   * Route: DELETE: /review/:id\n   * @param {object} req - HTTP Request object\n   * @param {object} res - HTTP Response object\n   * @return {res} res - HTTP Response object\n   * @memberof ReviewController\n   */\n  static async deleteReview(req, res) {\n    const crudController = new CrudController(Review, \"review\");\n    return await crudController.deleteOne(req, res);\n  }\n}\n\nexport default ReviewController;\n"]},"_coverageSchema":"1a1c01bbd47fc00a2c39e90264f33305004495a9","hash":"9a407b8837b3663d69af869f5af24c614323f9e5","contentHash":"fdf108f215f7712efd58c2bb20f3bae6f855a520024c4aae340326f656ea57a4"},"/home/chrismeeky/Desktop/arca_back/src/test/integrationTests/businessController.js":{"path":"/home/chrismeeky/Desktop/arca_back/src/test/integrationTests/businessController.js","statementMap":{"0":{"start":{"line":3,"column":29},"end":{"line":3,"column":84}},"1":{"start":{"line":5,"column":19},"end":{"line":5,"column":80}},"2":{"start":{"line":7,"column":25},"end":{"line":7,"column":99}},"3":{"start":{"line":9,"column":12},"end":{"line":9,"column":51}},"4":{"start":{"line":11,"column":16},"end":{"line":11,"column":60}},"5":{"start":{"line":13,"column":13},"end":{"line":13,"column":53}},"6":{"start":{"line":15,"column":13},"end":{"line":15,"column":59}},"7":{"start":{"line":17,"column":14},"end":{"line":17,"column":37}},"8":{"start":{"line":19,"column":19},"end":{"line":19,"column":47}},"9":{"start":{"line":21,"column":15},"end":{"line":21,"column":33}},"10":{"start":{"line":23,"column":0},"end":{"line":23,"column":43}},"11":{"start":{"line":25,"column":13},"end":{"line":25,"column":36}},"12":{"start":{"line":27,"column":31},"end":{"line":49,"column":3}},"13":{"start":{"line":28,"column":13},"end":{"line":44,"column":5}},"14":{"start":{"line":29,"column":4},"end":{"line":43,"column":16}},"15":{"start":{"line":30,"column":6},"end":{"line":42,"column":7}},"16":{"start":{"line":31,"column":8},"end":{"line":41,"column":9}},"17":{"start":{"line":33,"column":12},"end":{"line":33,"column":30}},"18":{"start":{"line":34,"column":12},"end":{"line":36,"column":15}},"19":{"start":{"line":40,"column":12},"end":{"line":40,"column":35}},"20":{"start":{"line":46,"column":2},"end":{"line":48,"column":4}},"21":{"start":{"line":47,"column":4},"end":{"line":47,"column":39}},"22":{"start":{"line":51,"column":0},"end":{"line":51,"column":14}},"23":{"start":{"line":52,"column":0},"end":{"line":79,"column":3}},"24":{"start":{"line":53,"column":2},"end":{"line":78,"column":5}},"25":{"start":{"line":54,"column":4},"end":{"line":77,"column":9}},"26":{"start":{"line":56,"column":6},"end":{"line":76,"column":19}},"27":{"start":{"line":57,"column":8},"end":{"line":75,"column":9}},"28":{"start":{"line":58,"column":10},"end":{"line":74,"column":11}},"29":{"start":{"line":60,"column":14},"end":{"line":60,"column":33}},"30":{"start":{"line":61,"column":14},"end":{"line":64,"column":17}},"31":{"start":{"line":67,"column":14},"end":{"line":67,"column":40}},"32":{"start":{"line":68,"column":14},"end":{"line":68,"column":64}},"33":{"start":{"line":69,"column":14},"end":{"line":69,"column":59}},"34":{"start":{"line":73,"column":14},"end":{"line":73,"column":38}}},"fnMap":{"0":{"name":"(anonymous_0)","decl":{"start":{"line":27,"column":31},"end":{"line":27,"column":32}},"loc":{"start":{"line":27,"column":43},"end":{"line":49,"column":1}},"line":27},"1":{"name":"_callee","decl":{"start":{"line":28,"column":100},"end":{"line":28,"column":107}},"loc":{"start":{"line":28,"column":110},"end":{"line":44,"column":3}},"line":28},"2":{"name":"_callee$","decl":{"start":{"line":29,"column":49},"end":{"line":29,"column":57}},"loc":{"start":{"line":29,"column":68},"end":{"line":43,"column":5}},"line":29},"3":{"name":"deleteUsers","decl":{"start":{"line":46,"column":18},"end":{"line":46,"column":29}},"loc":{"start":{"line":46,"column":32},"end":{"line":48,"column":3}},"line":46},"4":{"name":"(anonymous_4)","decl":{"start":{"line":52,"column":58},"end":{"line":52,"column":59}},"loc":{"start":{"line":52,"column":70},"end":{"line":79,"column":1}},"line":52},"5":{"name":"(anonymous_5)","decl":{"start":{"line":53,"column":50},"end":{"line":53,"column":51}},"loc":{"start":{"line":53,"column":62},"end":{"line":78,"column":3}},"line":53},"6":{"name":"_callee2","decl":{"start":{"line":54,"column":146},"end":{"line":54,"column":154}},"loc":{"start":{"line":54,"column":157},"end":{"line":77,"column":5}},"line":54},"7":{"name":"_callee2$","decl":{"start":{"line":56,"column":51},"end":{"line":56,"column":60}},"loc":{"start":{"line":56,"column":72},"end":{"line":76,"column":7}},"line":56}},"branchMap":{"0":{"loc":{"start":{"line":31,"column":8},"end":{"line":41,"column":9}},"type":"switch","locations":[{"start":{"line":32,"column":10},"end":{"line":36,"column":15}},{"start":{"line":38,"column":10},"end":{"line":38,"column":17}},{"start":{"line":39,"column":10},"end":{"line":40,"column":35}}],"line":31},"1":{"loc":{"start":{"line":58,"column":10},"end":{"line":74,"column":11}},"type":"switch","locations":[{"start":{"line":59,"column":12},"end":{"line":64,"column":17}},{"start":{"line":66,"column":12},"end":{"line":69,"column":59}},{"start":{"line":71,"column":12},"end":{"line":71,"column":19}},{"start":{"line":72,"column":12},"end":{"line":73,"column":38}}],"line":58}},"s":{"0":1,"1":1,"2":1,"3":1,"4":1,"5":1,"6":1,"7":1,"8":1,"9":1,"10":1,"11":1,"12":1,"13":1,"14":1,"15":2,"16":2,"17":1,"18":1,"19":1,"20":1,"21":1,"22":1,"23":1,"24":1,"25":1,"26":1,"27":2,"28":2,"29":1,"30":1,"31":1,"32":1,"33":1,"34":1},"f":{"0":1,"1":1,"2":2,"3":1,"4":1,"5":1,"6":1,"7":2},"b":{"0":[1,1,1],"1":[1,1,1,1]},"inputSourceMap":{"version":3,"sources":["businessController.js"],"names":["chai","use","chaiHttp","expect","deleteUsers","User","deleteMany","isSubscribed","describe","it","request","app","post","send","businessName","businessDescription","response","body","to","have","property","success","equal"],"mappings":";;;;;;;;AAAA;;AACA;;AACA;;AACA;;AACA;;AACA;;AACA;;AAEAA,iBAAKC,GAAL,CAASC,oBAAT;;IACQC,M,GAAWH,gB,CAAXG,M;;AACR,IAAMC,WAAW;AAAA,2FAAG;AAAA;AAAA;AAAA;AAAA;AAAA;AAAA,mBACZC,aAAKC,UAAL,CAAgB;AAAEC,cAAAA,YAAY,EAAE;AAAhB,aAAhB,CADY;;AAAA;AAAA;AAAA;AAAA;AAAA;AAAA;AAAA,GAAH;;AAAA,kBAAXH,WAAW;AAAA;AAAA;AAAA,GAAjB;;AAGAA,WAAW;AAEXI,QAAQ,CAAC,+CAAD,EAAkD,YAAM;AAC9DA,EAAAA,QAAQ,CAAC,qCAAD,EAAwC,YAAM;AACpDC,IAAAA,EAAE,CAAC,qCAAD,6FAAwC;AAAA;AAAA;AAAA;AAAA;AAAA;AAAA;AAAA,qBACjBT,iBAAKU,OAAL,CAAaC,iBAAb,EAAkBC,IAAlB,CAAuB,kBAAvB,EAA2CC,IAA3C,CAAgD;AACrEC,gBAAAA,YAAY,EAAE,UADuD;AAErEC,gBAAAA,mBAAmB,EAAE;AAFgD,eAAhD,CADiB;;AAAA;AAClCC,cAAAA,QADkC;AAKxCb,cAAAA,MAAM,CAACa,QAAQ,CAACC,IAAV,CAAN,CAAsBC,EAAtB,CAAyBC,IAAzB,CAA8BC,QAA9B,CAAuC,SAAvC;AACAjB,cAAAA,MAAM,CAACa,QAAQ,CAACC,IAAT,CAAcI,OAAf,CAAN,CAA8BH,EAA9B,CAAiCI,KAAjC,CAAuC,IAAvC;;AANwC;AAAA;AAAA;AAAA;AAAA;AAAA;AAAA,KAAxC,GAAF;AASD,GAVO,CAAR;AAaD,CAdO,CAAR","sourceRoot":"/home/chrismeeky/Desktop/arca_back/src/test/integrationTests/","sourcesContent":["import chai from \"chai\";\nimport chaiHttp from \"chai-http\";\nimport sinon from \"sinon\";\nimport app from \"../../index\";\nimport { User } from \"../../models\";\nimport { UserController } from \"../../controllers\";\nimport { response } from \"express\";\n\nchai.use(chaiHttp);\nconst { expect } = chai;\nconst deleteUsers = async () => {\n  await User.deleteMany({ isSubscribed: true });\n};\ndeleteUsers();\n\ndescribe(\"Integration tests for the business controller\", () => {\n  describe(\"Test the creation of new businesses\", () => {\n    it(\"The value of success should be true\", async () => {\n      const response = await chai.request(app).post(\"/api/v1/business\").send({\n        businessName: \"holitelo\",\n        businessDescription: \"sample business description\",\n      });\n      expect(response.body).to.have.property(\"success\");\n      expect(response.body.success).to.equal(true);\n     \n    });\n  });\n\n  \n});\n"]},"_coverageSchema":"1a1c01bbd47fc00a2c39e90264f33305004495a9","hash":"1570bccefbb95b58e8c8f4d3c0d075511f35ff39","contentHash":"dd9358445c857632403d8633d461715003904d4fe8248e6a5d6b7d5d54593c83"}}